[2026-05-17T12:43:54.388+0000] {local_task_job_runner.py:120} INFO - ::group::Pre task execution logs
[2026-05-17T12:43:54.465+0000] {taskinstance.py:2076} INFO - Dependencies all met for dep_context=non-requeueable deps ti=<TaskInstance: munich_airbnb_etl.transform scheduled__2026-05-16T00:00:00+00:00 [queued]>
[2026-05-17T12:43:54.498+0000] {taskinstance.py:2076} INFO - Dependencies all met for dep_context=requeueable deps ti=<TaskInstance: munich_airbnb_etl.transform scheduled__2026-05-16T00:00:00+00:00 [queued]>
[2026-05-17T12:43:54.504+0000] {taskinstance.py:2306} INFO - Starting attempt 2 of 2
[2026-05-17T12:43:54.547+0000] {taskinstance.py:2330} INFO - Executing <Task(PythonOperator): transform> on 2026-05-16 00:00:00+00:00
[2026-05-17T12:43:54.568+0000] {warnings.py:110} WARNING - /home/***/.local/lib/python3.12/site-packages/***/task/task_runner/standard_task_runner.py:61: DeprecationWarning: This process (pid=420) is multi-threaded, use of fork() may lead to deadlocks in the child.
  pid = os.fork()

[2026-05-17T12:43:54.573+0000] {standard_task_runner.py:63} INFO - Started process 424 to run task
[2026-05-17T12:43:54.572+0000] {standard_task_runner.py:90} INFO - Running: ['***', 'tasks', 'run', 'munich_airbnb_etl', 'transform', 'scheduled__2026-05-16T00:00:00+00:00', '--job-id', '7', '--raw', '--subdir', 'DAGS_FOLDER/ETL_PIPELINE.py', '--cfg-path', '/tmp/tmphlyzuy7f']
[2026-05-17T12:43:54.580+0000] {standard_task_runner.py:91} INFO - Job 7: Subtask transform
[2026-05-17T12:43:54.734+0000] {task_command.py:426} INFO - Running <TaskInstance: munich_airbnb_etl.transform scheduled__2026-05-16T00:00:00+00:00 [running]> on host 319276b30b7e
[2026-05-17T12:43:55.013+0000] {taskinstance.py:2648} INFO - Exporting env vars: AIRFLOW_CTX_DAG_OWNER='catherine' AIRFLOW_CTX_DAG_ID='munich_airbnb_etl' AIRFLOW_CTX_TASK_ID='transform' AIRFLOW_CTX_EXECUTION_DATE='2026-05-16T00:00:00+00:00' AIRFLOW_CTX_TRY_NUMBER='2' AIRFLOW_CTX_DAG_RUN_ID='scheduled__2026-05-16T00:00:00+00:00'
[2026-05-17T12:43:55.020+0000] {taskinstance.py:430} INFO - ::endgroup::
[2026-05-17T12:43:55.040+0000] {taskinstance.py:441} INFO - ::group::Post task execution logs
[2026-05-17T12:43:55.041+0000] {taskinstance.py:2905} ERROR - Task failed with exception
Traceback (most recent call last):
  File "/home/airflow/.local/lib/python3.12/site-packages/airflow/models/taskinstance.py", line 465, in _execute_task
    result = _execute_callable(context=context, **execute_callable_kwargs)
             ^^^^^^^^^^^^^^^^^^^^^^^^^^^^^^^^^^^^^^^^^^^^^^^^^^^^^^^^^^^^^
  File "/home/airflow/.local/lib/python3.12/site-packages/airflow/models/taskinstance.py", line 432, in _execute_callable
    return execute_callable(context=context, **execute_callable_kwargs)
           ^^^^^^^^^^^^^^^^^^^^^^^^^^^^^^^^^^^^^^^^^^^^^^^^^^^^^^^^^^^^
  File "/home/airflow/.local/lib/python3.12/site-packages/airflow/models/baseoperator.py", line 400, in wrapper
    return func(self, *args, **kwargs)
           ^^^^^^^^^^^^^^^^^^^^^^^^^^^
  File "/home/airflow/.local/lib/python3.12/site-packages/airflow/operators/python.py", line 235, in execute
    return_value = self.execute_callable()
                   ^^^^^^^^^^^^^^^^^^^^^^^
  File "/home/airflow/.local/lib/python3.12/site-packages/airflow/operators/python.py", line 252, in execute_callable
    return self.python_callable(*self.op_args, **self.op_kwargs)
           ^^^^^^^^^^^^^^^^^^^^^^^^^^^^^^^^^^^^^^^^^^^^^^^^^^^^^
  File "/opt/airflow/dags/ETL_PIPELINE.py", line 46, in transform
    listings = pd.read_csv(DATA_RAW / "listings.csv", low_memory=False)
               ^^^^^^^^^^^^^^^^^^^^^^^^^^^^^^^^^^^^^^^^^^^^^^^^^^^^^^^^
  File "/home/airflow/.local/lib/python3.12/site-packages/pandas/io/parsers/readers.py", line 948, in read_csv
    return _read(filepath_or_buffer, kwds)
           ^^^^^^^^^^^^^^^^^^^^^^^^^^^^^^^
  File "/home/airflow/.local/lib/python3.12/site-packages/pandas/io/parsers/readers.py", line 611, in _read
    parser = TextFileReader(filepath_or_buffer, **kwds)
             ^^^^^^^^^^^^^^^^^^^^^^^^^^^^^^^^^^^^^^^^^^
  File "/home/airflow/.local/lib/python3.12/site-packages/pandas/io/parsers/readers.py", line 1448, in __init__
    self._engine = self._make_engine(f, self.engine)
                   ^^^^^^^^^^^^^^^^^^^^^^^^^^^^^^^^^
  File "/home/airflow/.local/lib/python3.12/site-packages/pandas/io/parsers/readers.py", line 1705, in _make_engine
    self.handles = get_handle(
                   ^^^^^^^^^^^
  File "/home/airflow/.local/lib/python3.12/site-packages/pandas/io/common.py", line 863, in get_handle
    handle = open(
             ^^^^^
FileNotFoundError: [Errno 2] No such file or directory: '/opt/airflow/data/raw/listings.csv'
[2026-05-17T12:43:55.074+0000] {taskinstance.py:1206} INFO - Marking task as FAILED. dag_id=munich_airbnb_etl, task_id=transform, run_id=scheduled__2026-05-16T00:00:00+00:00, execution_date=20260516T000000, start_date=20260517T124354, end_date=20260517T124355
[2026-05-17T12:43:55.103+0000] {standard_task_runner.py:110} ERROR - Failed to execute job 7 for task transform ([Errno 2] No such file or directory: '/opt/airflow/data/raw/listings.csv'; 424)
[2026-05-17T12:43:55.157+0000] {local_task_job_runner.py:240} INFO - Task exited with return code 1
[2026-05-17T12:43:55.201+0000] {taskinstance.py:3498} INFO - 0 downstream tasks scheduled from follow-on schedule check
[2026-05-17T12:43:55.205+0000] {local_task_job_runner.py:222} INFO - ::endgroup::
