[2026-05-17T12:46:27.246+0000] {local_task_job_runner.py:120} INFO - ::group::Pre task execution logs
[2026-05-17T12:46:27.315+0000] {taskinstance.py:2076} INFO - Dependencies all met for dep_context=non-requeueable deps ti=<TaskInstance: munich_airbnb_etl.extract manual__2026-05-17T12:46:22.346396+00:00 [queued]>
[2026-05-17T12:46:27.344+0000] {taskinstance.py:2076} INFO - Dependencies all met for dep_context=requeueable deps ti=<TaskInstance: munich_airbnb_etl.extract manual__2026-05-17T12:46:22.346396+00:00 [queued]>
[2026-05-17T12:46:27.346+0000] {taskinstance.py:2306} INFO - Starting attempt 1 of 2
[2026-05-17T12:46:27.402+0000] {taskinstance.py:2330} INFO - Executing <Task(PythonOperator): extract> on 2026-05-17 12:46:22.346396+00:00
[2026-05-17T12:46:27.433+0000] {warnings.py:110} WARNING - /home/***/.local/lib/python3.12/site-packages/***/task/task_runner/standard_task_runner.py:61: DeprecationWarning: This process (pid=454) is multi-threaded, use of fork() may lead to deadlocks in the child.
  pid = os.fork()

[2026-05-17T12:46:27.438+0000] {standard_task_runner.py:63} INFO - Started process 456 to run task
[2026-05-17T12:46:27.443+0000] {standard_task_runner.py:90} INFO - Running: ['***', 'tasks', 'run', 'munich_airbnb_etl', 'extract', 'manual__2026-05-17T12:46:22.346396+00:00', '--job-id', '9', '--raw', '--subdir', 'DAGS_FOLDER/ETL_PIPELINE.py', '--cfg-path', '/tmp/tmpsxfz_ode']
[2026-05-17T12:46:27.458+0000] {standard_task_runner.py:91} INFO - Job 9: Subtask extract
[2026-05-17T12:46:27.596+0000] {task_command.py:426} INFO - Running <TaskInstance: munich_airbnb_etl.extract manual__2026-05-17T12:46:22.346396+00:00 [running]> on host 319276b30b7e
[2026-05-17T12:46:27.779+0000] {taskinstance.py:2648} INFO - Exporting env vars: AIRFLOW_CTX_DAG_OWNER='catherine' AIRFLOW_CTX_DAG_ID='munich_airbnb_etl' AIRFLOW_CTX_TASK_ID='extract' AIRFLOW_CTX_EXECUTION_DATE='2026-05-17T12:46:22.346396+00:00' AIRFLOW_CTX_TRY_NUMBER='1' AIRFLOW_CTX_DAG_RUN_ID='manual__2026-05-17T12:46:22.346396+00:00'
[2026-05-17T12:46:27.782+0000] {taskinstance.py:430} INFO - ::endgroup::
[2026-05-17T12:46:27.786+0000] {logging_mixin.py:188} INFO - EXTRACTION COMPLETE!
[2026-05-17T12:46:27.788+0000] {logging_mixin.py:188} INFO - ----------------------------------------
[2026-05-17T12:46:27.789+0000] {logging_mixin.py:188} INFO - Total files: 0
[2026-05-17T12:46:27.792+0000] {logging_mixin.py:188} INFO - ✅ Extract done!
[2026-05-17T12:46:27.793+0000] {python.py:237} INFO - Done. Returned value was: None
[2026-05-17T12:46:27.794+0000] {taskinstance.py:441} INFO - ::group::Post task execution logs
[2026-05-17T12:46:27.808+0000] {taskinstance.py:1206} INFO - Marking task as SUCCESS. dag_id=munich_airbnb_etl, task_id=extract, run_id=manual__2026-05-17T12:46:22.346396+00:00, execution_date=20260517T124622, start_date=20260517T124627, end_date=20260517T124627
[2026-05-17T12:46:27.870+0000] {local_task_job_runner.py:240} INFO - Task exited with return code 0
[2026-05-17T12:46:27.914+0000] {taskinstance.py:3498} INFO - 1 downstream tasks scheduled from follow-on schedule check
[2026-05-17T12:46:27.917+0000] {local_task_job_runner.py:222} INFO - ::endgroup::
