[2026-05-17T12:38:34.329+0000] {local_task_job_runner.py:120} INFO - ::group::Pre task execution logs
[2026-05-17T12:38:34.499+0000] {taskinstance.py:2076} INFO - Dependencies all met for dep_context=non-requeueable deps ti=<TaskInstance: munich_airbnb_etl.extract manual__2026-05-17T12:37:47.492854+00:00 [queued]>
[2026-05-17T12:38:34.579+0000] {taskinstance.py:2076} INFO - Dependencies all met for dep_context=requeueable deps ti=<TaskInstance: munich_airbnb_etl.extract manual__2026-05-17T12:37:47.492854+00:00 [queued]>
[2026-05-17T12:38:34.587+0000] {taskinstance.py:2306} INFO - Starting attempt 1 of 2
[2026-05-17T12:38:34.707+0000] {taskinstance.py:2330} INFO - Executing <Task(PythonOperator): extract> on 2026-05-17 12:37:47.492854+00:00
[2026-05-17T12:38:34.781+0000] {warnings.py:110} WARNING - /home/***/.local/lib/python3.12/site-packages/***/task/task_runner/standard_task_runner.py:61: DeprecationWarning: This process (pid=336) is multi-threaded, use of fork() may lead to deadlocks in the child.
  pid = os.fork()

[2026-05-17T12:38:34.798+0000] {standard_task_runner.py:63} INFO - Started process 348 to run task
[2026-05-17T12:38:34.799+0000] {standard_task_runner.py:90} INFO - Running: ['***', 'tasks', 'run', 'munich_airbnb_etl', 'extract', 'manual__2026-05-17T12:37:47.492854+00:00', '--job-id', '4', '--raw', '--subdir', 'DAGS_FOLDER/ETL_PIPELINE.py', '--cfg-path', '/tmp/tmp4e2glhv6']
[2026-05-17T12:38:34.833+0000] {standard_task_runner.py:91} INFO - Job 4: Subtask extract
[2026-05-17T12:38:35.284+0000] {task_command.py:426} INFO - Running <TaskInstance: munich_airbnb_etl.extract manual__2026-05-17T12:37:47.492854+00:00 [running]> on host 319276b30b7e
[2026-05-17T12:38:35.786+0000] {taskinstance.py:2648} INFO - Exporting env vars: AIRFLOW_CTX_DAG_OWNER='catherine' AIRFLOW_CTX_DAG_ID='munich_airbnb_etl' AIRFLOW_CTX_TASK_ID='extract' AIRFLOW_CTX_EXECUTION_DATE='2026-05-17T12:37:47.492854+00:00' AIRFLOW_CTX_TRY_NUMBER='1' AIRFLOW_CTX_DAG_RUN_ID='manual__2026-05-17T12:37:47.492854+00:00'
[2026-05-17T12:38:35.801+0000] {taskinstance.py:430} INFO - ::endgroup::
[2026-05-17T12:38:35.811+0000] {logging_mixin.py:188} INFO - EXTRACTION COMPLETE!
[2026-05-17T12:38:35.820+0000] {logging_mixin.py:188} INFO - ----------------------------------------
[2026-05-17T12:38:35.822+0000] {logging_mixin.py:188} INFO - Total files: 0
[2026-05-17T12:38:35.826+0000] {logging_mixin.py:188} INFO - ✅ Extract done!
[2026-05-17T12:38:35.827+0000] {python.py:237} INFO - Done. Returned value was: None
[2026-05-17T12:38:35.830+0000] {taskinstance.py:441} INFO - ::group::Post task execution logs
[2026-05-17T12:38:35.865+0000] {taskinstance.py:1206} INFO - Marking task as SUCCESS. dag_id=munich_airbnb_etl, task_id=extract, run_id=manual__2026-05-17T12:37:47.492854+00:00, execution_date=20260517T123747, start_date=20260517T123834, end_date=20260517T123835
[2026-05-17T12:38:35.981+0000] {local_task_job_runner.py:240} INFO - Task exited with return code 0
[2026-05-17T12:38:36.062+0000] {taskinstance.py:3498} INFO - 1 downstream tasks scheduled from follow-on schedule check
[2026-05-17T12:38:36.039+0000] {local_task_job_runner.py:222} INFO - ::endgroup::
