[2026-05-17T12:35:19.929+0000] {processor.py:161} INFO - Started process (PID=2264) to work on /opt/airflow/dags/ETL_PIPELINE.py
[2026-05-17T12:35:19.931+0000] {processor.py:830} INFO - Processing file /opt/airflow/dags/ETL_PIPELINE.py for tasks to queue
[2026-05-17T12:35:19.933+0000] {logging_mixin.py:188} INFO - [2026-05-17T12:35:19.933+0000] {dagbag.py:545} INFO - Filling up the DagBag from /opt/airflow/dags/ETL_PIPELINE.py
[2026-05-17T12:35:19.986+0000] {processor.py:840} INFO - DAG(s) 'munich_airbnb_etl' retrieved from /opt/airflow/dags/ETL_PIPELINE.py
[2026-05-17T12:35:20.193+0000] {logging_mixin.py:188} INFO - [2026-05-17T12:35:20.192+0000] {override.py:1829} INFO - Created Permission View: can read on DAG:munich_airbnb_etl
[2026-05-17T12:35:20.214+0000] {logging_mixin.py:188} INFO - [2026-05-17T12:35:20.213+0000] {override.py:1829} INFO - Created Permission View: can delete on DAG:munich_airbnb_etl
[2026-05-17T12:35:20.233+0000] {logging_mixin.py:188} INFO - [2026-05-17T12:35:20.232+0000] {override.py:1829} INFO - Created Permission View: can edit on DAG:munich_airbnb_etl
[2026-05-17T12:35:20.234+0000] {logging_mixin.py:188} INFO - [2026-05-17T12:35:20.234+0000] {dag.py:3096} INFO - Sync 1 DAGs
[2026-05-17T12:35:20.267+0000] {logging_mixin.py:188} INFO - [2026-05-17T12:35:20.267+0000] {dag.py:3118} INFO - Creating ORM DAG for munich_airbnb_etl
[2026-05-17T12:35:20.300+0000] {logging_mixin.py:188} INFO - [2026-05-17T12:35:20.299+0000] {dag.py:3954} INFO - Setting next_dagrun for munich_airbnb_etl to 2026-05-16 00:00:00+00:00, run_after=2026-05-17 00:00:00+00:00
[2026-05-17T12:35:20.368+0000] {processor.py:183} INFO - Processing /opt/airflow/dags/ETL_PIPELINE.py took 0.447 seconds
[2026-05-17T12:35:50.563+0000] {processor.py:161} INFO - Started process (PID=2323) to work on /opt/airflow/dags/ETL_PIPELINE.py
[2026-05-17T12:35:50.565+0000] {processor.py:830} INFO - Processing file /opt/airflow/dags/ETL_PIPELINE.py for tasks to queue
[2026-05-17T12:35:50.569+0000] {logging_mixin.py:188} INFO - [2026-05-17T12:35:50.568+0000] {dagbag.py:545} INFO - Filling up the DagBag from /opt/airflow/dags/ETL_PIPELINE.py
[2026-05-17T12:35:50.612+0000] {processor.py:840} INFO - DAG(s) 'munich_airbnb_etl' retrieved from /opt/airflow/dags/ETL_PIPELINE.py
[2026-05-17T12:35:50.671+0000] {logging_mixin.py:188} INFO - [2026-05-17T12:35:50.671+0000] {dag.py:3096} INFO - Sync 1 DAGs
[2026-05-17T12:35:50.720+0000] {logging_mixin.py:188} INFO - [2026-05-17T12:35:50.719+0000] {dag.py:3954} INFO - Setting next_dagrun for munich_airbnb_etl to 2026-05-16 00:00:00+00:00, run_after=2026-05-17 00:00:00+00:00
[2026-05-17T12:35:50.756+0000] {processor.py:183} INFO - Processing /opt/airflow/dags/ETL_PIPELINE.py took 0.205 seconds
[2026-05-17T12:36:20.924+0000] {processor.py:161} INFO - Started process (PID=2382) to work on /opt/airflow/dags/ETL_PIPELINE.py
[2026-05-17T12:36:20.925+0000] {processor.py:830} INFO - Processing file /opt/airflow/dags/ETL_PIPELINE.py for tasks to queue
[2026-05-17T12:36:20.928+0000] {logging_mixin.py:188} INFO - [2026-05-17T12:36:20.928+0000] {dagbag.py:545} INFO - Filling up the DagBag from /opt/airflow/dags/ETL_PIPELINE.py
[2026-05-17T12:36:20.957+0000] {processor.py:840} INFO - DAG(s) 'munich_airbnb_etl' retrieved from /opt/airflow/dags/ETL_PIPELINE.py
[2026-05-17T12:36:20.985+0000] {logging_mixin.py:188} INFO - [2026-05-17T12:36:20.985+0000] {dag.py:3096} INFO - Sync 1 DAGs
[2026-05-17T12:36:21.019+0000] {logging_mixin.py:188} INFO - [2026-05-17T12:36:21.019+0000] {dag.py:3954} INFO - Setting next_dagrun for munich_airbnb_etl to 2026-05-16 00:00:00+00:00, run_after=2026-05-17 00:00:00+00:00
[2026-05-17T12:36:21.046+0000] {processor.py:183} INFO - Processing /opt/airflow/dags/ETL_PIPELINE.py took 0.131 seconds
[2026-05-17T12:36:29.759+0000] {processor.py:161} INFO - Started process (PID=2389) to work on /opt/airflow/dags/ETL_PIPELINE.py
[2026-05-17T12:36:29.762+0000] {processor.py:830} INFO - Processing file /opt/airflow/dags/ETL_PIPELINE.py for tasks to queue
[2026-05-17T12:36:29.767+0000] {logging_mixin.py:188} INFO - [2026-05-17T12:36:29.766+0000] {dagbag.py:545} INFO - Filling up the DagBag from /opt/airflow/dags/ETL_PIPELINE.py
[2026-05-17T12:36:29.832+0000] {processor.py:840} INFO - DAG(s) 'munich_airbnb_etl' retrieved from /opt/airflow/dags/ETL_PIPELINE.py
[2026-05-17T12:36:29.865+0000] {logging_mixin.py:188} INFO - [2026-05-17T12:36:29.864+0000] {dag.py:3096} INFO - Sync 1 DAGs
[2026-05-17T12:36:29.903+0000] {logging_mixin.py:188} INFO - [2026-05-17T12:36:29.902+0000] {dag.py:3954} INFO - Setting next_dagrun for munich_airbnb_etl to 2026-05-16 00:00:00+00:00, run_after=2026-05-17 00:00:00+00:00
[2026-05-17T12:36:29.940+0000] {processor.py:183} INFO - Processing /opt/airflow/dags/ETL_PIPELINE.py took 0.196 seconds
[2026-05-17T12:37:00.011+0000] {processor.py:161} INFO - Started process (PID=2448) to work on /opt/airflow/dags/ETL_PIPELINE.py
[2026-05-17T12:37:00.018+0000] {processor.py:830} INFO - Processing file /opt/airflow/dags/ETL_PIPELINE.py for tasks to queue
[2026-05-17T12:37:00.022+0000] {logging_mixin.py:188} INFO - [2026-05-17T12:37:00.022+0000] {dagbag.py:545} INFO - Filling up the DagBag from /opt/airflow/dags/ETL_PIPELINE.py
[2026-05-17T12:37:00.060+0000] {processor.py:840} INFO - DAG(s) 'munich_airbnb_etl' retrieved from /opt/airflow/dags/ETL_PIPELINE.py
[2026-05-17T12:37:00.092+0000] {logging_mixin.py:188} INFO - [2026-05-17T12:37:00.092+0000] {dag.py:3096} INFO - Sync 1 DAGs
[2026-05-17T12:37:00.135+0000] {logging_mixin.py:188} INFO - [2026-05-17T12:37:00.134+0000] {dag.py:3954} INFO - Setting next_dagrun for munich_airbnb_etl to 2026-05-16 00:00:00+00:00, run_after=2026-05-17 00:00:00+00:00
[2026-05-17T12:37:00.165+0000] {processor.py:183} INFO - Processing /opt/airflow/dags/ETL_PIPELINE.py took 0.166 seconds
[2026-05-17T12:37:30.545+0000] {processor.py:161} INFO - Started process (PID=2507) to work on /opt/airflow/dags/ETL_PIPELINE.py
[2026-05-17T12:37:30.546+0000] {processor.py:830} INFO - Processing file /opt/airflow/dags/ETL_PIPELINE.py for tasks to queue
[2026-05-17T12:37:30.549+0000] {logging_mixin.py:188} INFO - [2026-05-17T12:37:30.548+0000] {dagbag.py:545} INFO - Filling up the DagBag from /opt/airflow/dags/ETL_PIPELINE.py
[2026-05-17T12:37:30.575+0000] {processor.py:840} INFO - DAG(s) 'munich_airbnb_etl' retrieved from /opt/airflow/dags/ETL_PIPELINE.py
[2026-05-17T12:37:30.609+0000] {logging_mixin.py:188} INFO - [2026-05-17T12:37:30.609+0000] {dag.py:3096} INFO - Sync 1 DAGs
[2026-05-17T12:37:30.642+0000] {logging_mixin.py:188} INFO - [2026-05-17T12:37:30.641+0000] {dag.py:3954} INFO - Setting next_dagrun for munich_airbnb_etl to 2026-05-16 00:00:00+00:00, run_after=2026-05-17 00:00:00+00:00
[2026-05-17T12:37:30.677+0000] {processor.py:183} INFO - Processing /opt/airflow/dags/ETL_PIPELINE.py took 0.143 seconds
[2026-05-17T12:38:01.740+0000] {processor.py:161} INFO - Started process (PID=2570) to work on /opt/airflow/dags/ETL_PIPELINE.py
[2026-05-17T12:38:01.797+0000] {processor.py:830} INFO - Processing file /opt/airflow/dags/ETL_PIPELINE.py for tasks to queue
[2026-05-17T12:38:03.339+0000] {logging_mixin.py:188} INFO - [2026-05-17T12:38:03.338+0000] {dagbag.py:545} INFO - Filling up the DagBag from /opt/airflow/dags/ETL_PIPELINE.py
[2026-05-17T12:38:06.221+0000] {processor.py:840} INFO - DAG(s) 'munich_airbnb_etl' retrieved from /opt/airflow/dags/ETL_PIPELINE.py
[2026-05-17T12:38:06.637+0000] {logging_mixin.py:188} INFO - [2026-05-17T12:38:06.637+0000] {dag.py:3096} INFO - Sync 1 DAGs
[2026-05-17T12:38:06.754+0000] {logging_mixin.py:188} INFO - [2026-05-17T12:38:06.753+0000] {dag.py:3954} INFO - Setting next_dagrun for munich_airbnb_etl to 2026-05-17 00:00:00+00:00, run_after=2026-05-18 00:00:00+00:00
[2026-05-17T12:38:06.840+0000] {processor.py:183} INFO - Processing /opt/airflow/dags/ETL_PIPELINE.py took 5.230 seconds
[2026-05-17T12:38:37.974+0000] {processor.py:161} INFO - Started process (PID=2633) to work on /opt/airflow/dags/ETL_PIPELINE.py
[2026-05-17T12:38:37.977+0000] {processor.py:830} INFO - Processing file /opt/airflow/dags/ETL_PIPELINE.py for tasks to queue
[2026-05-17T12:38:37.984+0000] {logging_mixin.py:188} INFO - [2026-05-17T12:38:37.983+0000] {dagbag.py:545} INFO - Filling up the DagBag from /opt/airflow/dags/ETL_PIPELINE.py
[2026-05-17T12:38:38.043+0000] {processor.py:840} INFO - DAG(s) 'munich_airbnb_etl' retrieved from /opt/airflow/dags/ETL_PIPELINE.py
[2026-05-17T12:38:38.111+0000] {logging_mixin.py:188} INFO - [2026-05-17T12:38:38.111+0000] {dag.py:3096} INFO - Sync 1 DAGs
[2026-05-17T12:38:38.185+0000] {logging_mixin.py:188} INFO - [2026-05-17T12:38:38.184+0000] {dag.py:3954} INFO - Setting next_dagrun for munich_airbnb_etl to 2026-05-17 00:00:00+00:00, run_after=2026-05-18 00:00:00+00:00
[2026-05-17T12:38:38.268+0000] {processor.py:183} INFO - Processing /opt/airflow/dags/ETL_PIPELINE.py took 0.311 seconds
[2026-05-17T12:39:09.215+0000] {processor.py:161} INFO - Started process (PID=2693) to work on /opt/airflow/dags/ETL_PIPELINE.py
[2026-05-17T12:39:09.216+0000] {processor.py:830} INFO - Processing file /opt/airflow/dags/ETL_PIPELINE.py for tasks to queue
[2026-05-17T12:39:09.218+0000] {logging_mixin.py:188} INFO - [2026-05-17T12:39:09.218+0000] {dagbag.py:545} INFO - Filling up the DagBag from /opt/airflow/dags/ETL_PIPELINE.py
[2026-05-17T12:39:09.241+0000] {processor.py:840} INFO - DAG(s) 'munich_airbnb_etl' retrieved from /opt/airflow/dags/ETL_PIPELINE.py
[2026-05-17T12:39:09.267+0000] {logging_mixin.py:188} INFO - [2026-05-17T12:39:09.266+0000] {dag.py:3096} INFO - Sync 1 DAGs
[2026-05-17T12:39:09.296+0000] {logging_mixin.py:188} INFO - [2026-05-17T12:39:09.296+0000] {dag.py:3954} INFO - Setting next_dagrun for munich_airbnb_etl to 2026-05-17 00:00:00+00:00, run_after=2026-05-18 00:00:00+00:00
[2026-05-17T12:39:09.325+0000] {processor.py:183} INFO - Processing /opt/airflow/dags/ETL_PIPELINE.py took 0.118 seconds
[2026-05-17T12:39:40.254+0000] {processor.py:161} INFO - Started process (PID=2752) to work on /opt/airflow/dags/ETL_PIPELINE.py
[2026-05-17T12:39:40.256+0000] {processor.py:830} INFO - Processing file /opt/airflow/dags/ETL_PIPELINE.py for tasks to queue
[2026-05-17T12:39:40.258+0000] {logging_mixin.py:188} INFO - [2026-05-17T12:39:40.257+0000] {dagbag.py:545} INFO - Filling up the DagBag from /opt/airflow/dags/ETL_PIPELINE.py
[2026-05-17T12:39:40.291+0000] {processor.py:840} INFO - DAG(s) 'munich_airbnb_etl' retrieved from /opt/airflow/dags/ETL_PIPELINE.py
[2026-05-17T12:39:40.322+0000] {logging_mixin.py:188} INFO - [2026-05-17T12:39:40.322+0000] {dag.py:3096} INFO - Sync 1 DAGs
[2026-05-17T12:39:40.361+0000] {logging_mixin.py:188} INFO - [2026-05-17T12:39:40.359+0000] {dag.py:3954} INFO - Setting next_dagrun for munich_airbnb_etl to 2026-05-17 00:00:00+00:00, run_after=2026-05-18 00:00:00+00:00
[2026-05-17T12:39:40.397+0000] {processor.py:183} INFO - Processing /opt/airflow/dags/ETL_PIPELINE.py took 0.155 seconds
[2026-05-17T12:40:10.846+0000] {processor.py:161} INFO - Started process (PID=2811) to work on /opt/airflow/dags/ETL_PIPELINE.py
[2026-05-17T12:40:10.848+0000] {processor.py:830} INFO - Processing file /opt/airflow/dags/ETL_PIPELINE.py for tasks to queue
[2026-05-17T12:40:10.850+0000] {logging_mixin.py:188} INFO - [2026-05-17T12:40:10.849+0000] {dagbag.py:545} INFO - Filling up the DagBag from /opt/airflow/dags/ETL_PIPELINE.py
[2026-05-17T12:40:10.876+0000] {processor.py:840} INFO - DAG(s) 'munich_airbnb_etl' retrieved from /opt/airflow/dags/ETL_PIPELINE.py
[2026-05-17T12:40:10.902+0000] {logging_mixin.py:188} INFO - [2026-05-17T12:40:10.902+0000] {dag.py:3096} INFO - Sync 1 DAGs
[2026-05-17T12:40:10.939+0000] {logging_mixin.py:188} INFO - [2026-05-17T12:40:10.938+0000] {dag.py:3954} INFO - Setting next_dagrun for munich_airbnb_etl to 2026-05-17 00:00:00+00:00, run_after=2026-05-18 00:00:00+00:00
[2026-05-17T12:40:10.973+0000] {processor.py:183} INFO - Processing /opt/airflow/dags/ETL_PIPELINE.py took 0.135 seconds
[2026-05-17T12:40:41.582+0000] {processor.py:161} INFO - Started process (PID=2870) to work on /opt/airflow/dags/ETL_PIPELINE.py
[2026-05-17T12:40:41.584+0000] {processor.py:830} INFO - Processing file /opt/airflow/dags/ETL_PIPELINE.py for tasks to queue
[2026-05-17T12:40:41.587+0000] {logging_mixin.py:188} INFO - [2026-05-17T12:40:41.586+0000] {dagbag.py:545} INFO - Filling up the DagBag from /opt/airflow/dags/ETL_PIPELINE.py
[2026-05-17T12:40:41.618+0000] {processor.py:840} INFO - DAG(s) 'munich_airbnb_etl' retrieved from /opt/airflow/dags/ETL_PIPELINE.py
[2026-05-17T12:40:41.652+0000] {logging_mixin.py:188} INFO - [2026-05-17T12:40:41.651+0000] {dag.py:3096} INFO - Sync 1 DAGs
[2026-05-17T12:40:41.697+0000] {logging_mixin.py:188} INFO - [2026-05-17T12:40:41.696+0000] {dag.py:3954} INFO - Setting next_dagrun for munich_airbnb_etl to 2026-05-17 00:00:00+00:00, run_after=2026-05-18 00:00:00+00:00
[2026-05-17T12:40:41.728+0000] {processor.py:183} INFO - Processing /opt/airflow/dags/ETL_PIPELINE.py took 0.155 seconds
[2026-05-17T12:41:11.831+0000] {processor.py:161} INFO - Started process (PID=2929) to work on /opt/airflow/dags/ETL_PIPELINE.py
[2026-05-17T12:41:11.832+0000] {processor.py:830} INFO - Processing file /opt/airflow/dags/ETL_PIPELINE.py for tasks to queue
[2026-05-17T12:41:11.835+0000] {logging_mixin.py:188} INFO - [2026-05-17T12:41:11.835+0000] {dagbag.py:545} INFO - Filling up the DagBag from /opt/airflow/dags/ETL_PIPELINE.py
[2026-05-17T12:41:11.855+0000] {processor.py:840} INFO - DAG(s) 'munich_airbnb_etl' retrieved from /opt/airflow/dags/ETL_PIPELINE.py
[2026-05-17T12:41:11.878+0000] {logging_mixin.py:188} INFO - [2026-05-17T12:41:11.878+0000] {dag.py:3096} INFO - Sync 1 DAGs
[2026-05-17T12:41:11.918+0000] {logging_mixin.py:188} INFO - [2026-05-17T12:41:11.917+0000] {dag.py:3954} INFO - Setting next_dagrun for munich_airbnb_etl to 2026-05-17 00:00:00+00:00, run_after=2026-05-18 00:00:00+00:00
[2026-05-17T12:41:11.952+0000] {processor.py:183} INFO - Processing /opt/airflow/dags/ETL_PIPELINE.py took 0.130 seconds
[2026-05-17T12:41:42.677+0000] {processor.py:161} INFO - Started process (PID=2986) to work on /opt/airflow/dags/ETL_PIPELINE.py
[2026-05-17T12:41:42.679+0000] {processor.py:830} INFO - Processing file /opt/airflow/dags/ETL_PIPELINE.py for tasks to queue
[2026-05-17T12:41:42.682+0000] {logging_mixin.py:188} INFO - [2026-05-17T12:41:42.681+0000] {dagbag.py:545} INFO - Filling up the DagBag from /opt/airflow/dags/ETL_PIPELINE.py
[2026-05-17T12:41:42.704+0000] {processor.py:840} INFO - DAG(s) 'munich_airbnb_etl' retrieved from /opt/airflow/dags/ETL_PIPELINE.py
[2026-05-17T12:41:42.726+0000] {logging_mixin.py:188} INFO - [2026-05-17T12:41:42.725+0000] {dag.py:3096} INFO - Sync 1 DAGs
[2026-05-17T12:41:42.753+0000] {logging_mixin.py:188} INFO - [2026-05-17T12:41:42.753+0000] {dag.py:3954} INFO - Setting next_dagrun for munich_airbnb_etl to 2026-05-17 00:00:00+00:00, run_after=2026-05-18 00:00:00+00:00
[2026-05-17T12:41:42.778+0000] {processor.py:183} INFO - Processing /opt/airflow/dags/ETL_PIPELINE.py took 0.108 seconds
[2026-05-17T12:42:12.898+0000] {processor.py:161} INFO - Started process (PID=3045) to work on /opt/airflow/dags/ETL_PIPELINE.py
[2026-05-17T12:42:12.900+0000] {processor.py:830} INFO - Processing file /opt/airflow/dags/ETL_PIPELINE.py for tasks to queue
[2026-05-17T12:42:12.902+0000] {logging_mixin.py:188} INFO - [2026-05-17T12:42:12.902+0000] {dagbag.py:545} INFO - Filling up the DagBag from /opt/airflow/dags/ETL_PIPELINE.py
[2026-05-17T12:42:12.926+0000] {processor.py:840} INFO - DAG(s) 'munich_airbnb_etl' retrieved from /opt/airflow/dags/ETL_PIPELINE.py
[2026-05-17T12:42:12.947+0000] {logging_mixin.py:188} INFO - [2026-05-17T12:42:12.947+0000] {dag.py:3096} INFO - Sync 1 DAGs
[2026-05-17T12:42:12.975+0000] {logging_mixin.py:188} INFO - [2026-05-17T12:42:12.975+0000] {dag.py:3954} INFO - Setting next_dagrun for munich_airbnb_etl to 2026-05-17 00:00:00+00:00, run_after=2026-05-18 00:00:00+00:00
[2026-05-17T12:42:13.002+0000] {processor.py:183} INFO - Processing /opt/airflow/dags/ETL_PIPELINE.py took 0.111 seconds
[2026-05-17T12:42:43.798+0000] {processor.py:161} INFO - Started process (PID=3104) to work on /opt/airflow/dags/ETL_PIPELINE.py
[2026-05-17T12:42:43.799+0000] {processor.py:830} INFO - Processing file /opt/airflow/dags/ETL_PIPELINE.py for tasks to queue
[2026-05-17T12:42:43.802+0000] {logging_mixin.py:188} INFO - [2026-05-17T12:42:43.801+0000] {dagbag.py:545} INFO - Filling up the DagBag from /opt/airflow/dags/ETL_PIPELINE.py
[2026-05-17T12:42:43.825+0000] {processor.py:840} INFO - DAG(s) 'munich_airbnb_etl' retrieved from /opt/airflow/dags/ETL_PIPELINE.py
[2026-05-17T12:42:43.847+0000] {logging_mixin.py:188} INFO - [2026-05-17T12:42:43.847+0000] {dag.py:3096} INFO - Sync 1 DAGs
[2026-05-17T12:42:43.875+0000] {logging_mixin.py:188} INFO - [2026-05-17T12:42:43.875+0000] {dag.py:3954} INFO - Setting next_dagrun for munich_airbnb_etl to 2026-05-17 00:00:00+00:00, run_after=2026-05-18 00:00:00+00:00
[2026-05-17T12:42:43.900+0000] {processor.py:183} INFO - Processing /opt/airflow/dags/ETL_PIPELINE.py took 0.109 seconds
[2026-05-17T12:43:14.053+0000] {processor.py:161} INFO - Started process (PID=3164) to work on /opt/airflow/dags/ETL_PIPELINE.py
[2026-05-17T12:43:14.054+0000] {processor.py:830} INFO - Processing file /opt/airflow/dags/ETL_PIPELINE.py for tasks to queue
[2026-05-17T12:43:14.057+0000] {logging_mixin.py:188} INFO - [2026-05-17T12:43:14.056+0000] {dagbag.py:545} INFO - Filling up the DagBag from /opt/airflow/dags/ETL_PIPELINE.py
[2026-05-17T12:43:14.079+0000] {processor.py:840} INFO - DAG(s) 'munich_airbnb_etl' retrieved from /opt/airflow/dags/ETL_PIPELINE.py
[2026-05-17T12:43:14.101+0000] {logging_mixin.py:188} INFO - [2026-05-17T12:43:14.101+0000] {dag.py:3096} INFO - Sync 1 DAGs
[2026-05-17T12:43:14.128+0000] {logging_mixin.py:188} INFO - [2026-05-17T12:43:14.128+0000] {dag.py:3954} INFO - Setting next_dagrun for munich_airbnb_etl to 2026-05-17 00:00:00+00:00, run_after=2026-05-18 00:00:00+00:00
[2026-05-17T12:43:14.155+0000] {processor.py:183} INFO - Processing /opt/airflow/dags/ETL_PIPELINE.py took 0.109 seconds
[2026-05-17T12:43:44.271+0000] {processor.py:161} INFO - Started process (PID=3222) to work on /opt/airflow/dags/ETL_PIPELINE.py
[2026-05-17T12:43:44.273+0000] {processor.py:830} INFO - Processing file /opt/airflow/dags/ETL_PIPELINE.py for tasks to queue
[2026-05-17T12:43:44.276+0000] {logging_mixin.py:188} INFO - [2026-05-17T12:43:44.275+0000] {dagbag.py:545} INFO - Filling up the DagBag from /opt/airflow/dags/ETL_PIPELINE.py
[2026-05-17T12:43:44.308+0000] {processor.py:840} INFO - DAG(s) 'munich_airbnb_etl' retrieved from /opt/airflow/dags/ETL_PIPELINE.py
[2026-05-17T12:43:44.339+0000] {logging_mixin.py:188} INFO - [2026-05-17T12:43:44.339+0000] {dag.py:3096} INFO - Sync 1 DAGs
[2026-05-17T12:43:44.382+0000] {logging_mixin.py:188} INFO - [2026-05-17T12:43:44.382+0000] {dag.py:3954} INFO - Setting next_dagrun for munich_airbnb_etl to 2026-05-17 00:00:00+00:00, run_after=2026-05-18 00:00:00+00:00
[2026-05-17T12:43:44.418+0000] {processor.py:183} INFO - Processing /opt/airflow/dags/ETL_PIPELINE.py took 0.158 seconds
[2026-05-17T12:44:15.326+0000] {processor.py:161} INFO - Started process (PID=3291) to work on /opt/airflow/dags/ETL_PIPELINE.py
[2026-05-17T12:44:15.360+0000] {processor.py:830} INFO - Processing file /opt/airflow/dags/ETL_PIPELINE.py for tasks to queue
[2026-05-17T12:44:15.371+0000] {logging_mixin.py:188} INFO - [2026-05-17T12:44:15.370+0000] {dagbag.py:545} INFO - Filling up the DagBag from /opt/airflow/dags/ETL_PIPELINE.py
[2026-05-17T12:44:15.467+0000] {processor.py:840} INFO - DAG(s) 'munich_airbnb_etl' retrieved from /opt/airflow/dags/ETL_PIPELINE.py
[2026-05-17T12:44:15.540+0000] {logging_mixin.py:188} INFO - [2026-05-17T12:44:15.539+0000] {dag.py:3096} INFO - Sync 1 DAGs
[2026-05-17T12:44:15.618+0000] {logging_mixin.py:188} INFO - [2026-05-17T12:44:15.618+0000] {dag.py:3954} INFO - Setting next_dagrun for munich_airbnb_etl to 2026-05-17 00:00:00+00:00, run_after=2026-05-18 00:00:00+00:00
[2026-05-17T12:44:15.669+0000] {processor.py:183} INFO - Processing /opt/airflow/dags/ETL_PIPELINE.py took 0.369 seconds
[2026-05-17T12:44:48.893+0000] {processor.py:161} INFO - Started process (PID=3350) to work on /opt/airflow/dags/ETL_PIPELINE.py
[2026-05-17T12:44:48.900+0000] {processor.py:830} INFO - Processing file /opt/airflow/dags/ETL_PIPELINE.py for tasks to queue
[2026-05-17T12:44:48.911+0000] {logging_mixin.py:188} INFO - [2026-05-17T12:44:48.910+0000] {dagbag.py:545} INFO - Filling up the DagBag from /opt/airflow/dags/ETL_PIPELINE.py
[2026-05-17T12:44:49.004+0000] {processor.py:840} INFO - DAG(s) 'munich_airbnb_etl' retrieved from /opt/airflow/dags/ETL_PIPELINE.py
[2026-05-17T12:44:49.094+0000] {logging_mixin.py:188} INFO - [2026-05-17T12:44:49.084+0000] {dag.py:3096} INFO - Sync 1 DAGs
[2026-05-17T12:44:49.272+0000] {logging_mixin.py:188} INFO - [2026-05-17T12:44:49.272+0000] {dag.py:3954} INFO - Setting next_dagrun for munich_airbnb_etl to 2026-05-17 00:00:00+00:00, run_after=2026-05-18 00:00:00+00:00
[2026-05-17T12:44:49.401+0000] {processor.py:183} INFO - Processing /opt/airflow/dags/ETL_PIPELINE.py took 0.545 seconds
[2026-05-17T12:45:20.457+0000] {processor.py:161} INFO - Started process (PID=3409) to work on /opt/airflow/dags/ETL_PIPELINE.py
[2026-05-17T12:45:20.459+0000] {processor.py:830} INFO - Processing file /opt/airflow/dags/ETL_PIPELINE.py for tasks to queue
[2026-05-17T12:45:20.462+0000] {logging_mixin.py:188} INFO - [2026-05-17T12:45:20.461+0000] {dagbag.py:545} INFO - Filling up the DagBag from /opt/airflow/dags/ETL_PIPELINE.py
[2026-05-17T12:45:20.490+0000] {processor.py:840} INFO - DAG(s) 'munich_airbnb_etl' retrieved from /opt/airflow/dags/ETL_PIPELINE.py
[2026-05-17T12:45:20.525+0000] {logging_mixin.py:188} INFO - [2026-05-17T12:45:20.525+0000] {dag.py:3096} INFO - Sync 1 DAGs
[2026-05-17T12:45:20.571+0000] {logging_mixin.py:188} INFO - [2026-05-17T12:45:20.570+0000] {dag.py:3954} INFO - Setting next_dagrun for munich_airbnb_etl to 2026-05-17 00:00:00+00:00, run_after=2026-05-18 00:00:00+00:00
[2026-05-17T12:45:20.604+0000] {processor.py:183} INFO - Processing /opt/airflow/dags/ETL_PIPELINE.py took 0.158 seconds
[2026-05-17T12:45:50.876+0000] {processor.py:161} INFO - Started process (PID=3468) to work on /opt/airflow/dags/ETL_PIPELINE.py
[2026-05-17T12:45:50.877+0000] {processor.py:830} INFO - Processing file /opt/airflow/dags/ETL_PIPELINE.py for tasks to queue
[2026-05-17T12:45:50.880+0000] {logging_mixin.py:188} INFO - [2026-05-17T12:45:50.879+0000] {dagbag.py:545} INFO - Filling up the DagBag from /opt/airflow/dags/ETL_PIPELINE.py
[2026-05-17T12:45:50.906+0000] {processor.py:840} INFO - DAG(s) 'munich_airbnb_etl' retrieved from /opt/airflow/dags/ETL_PIPELINE.py
[2026-05-17T12:45:50.931+0000] {logging_mixin.py:188} INFO - [2026-05-17T12:45:50.931+0000] {dag.py:3096} INFO - Sync 1 DAGs
[2026-05-17T12:45:50.962+0000] {logging_mixin.py:188} INFO - [2026-05-17T12:45:50.961+0000] {dag.py:3954} INFO - Setting next_dagrun for munich_airbnb_etl to 2026-05-17 00:00:00+00:00, run_after=2026-05-18 00:00:00+00:00
[2026-05-17T12:45:51.000+0000] {processor.py:183} INFO - Processing /opt/airflow/dags/ETL_PIPELINE.py took 0.132 seconds
[2026-05-17T12:46:21.631+0000] {processor.py:161} INFO - Started process (PID=3527) to work on /opt/airflow/dags/ETL_PIPELINE.py
[2026-05-17T12:46:21.632+0000] {processor.py:830} INFO - Processing file /opt/airflow/dags/ETL_PIPELINE.py for tasks to queue
[2026-05-17T12:46:21.634+0000] {logging_mixin.py:188} INFO - [2026-05-17T12:46:21.634+0000] {dagbag.py:545} INFO - Filling up the DagBag from /opt/airflow/dags/ETL_PIPELINE.py
[2026-05-17T12:46:21.658+0000] {processor.py:840} INFO - DAG(s) 'munich_airbnb_etl' retrieved from /opt/airflow/dags/ETL_PIPELINE.py
[2026-05-17T12:46:21.681+0000] {logging_mixin.py:188} INFO - [2026-05-17T12:46:21.681+0000] {dag.py:3096} INFO - Sync 1 DAGs
[2026-05-17T12:46:21.713+0000] {logging_mixin.py:188} INFO - [2026-05-17T12:46:21.713+0000] {dag.py:3954} INFO - Setting next_dagrun for munich_airbnb_etl to 2026-05-17 00:00:00+00:00, run_after=2026-05-18 00:00:00+00:00
[2026-05-17T12:46:21.751+0000] {processor.py:183} INFO - Processing /opt/airflow/dags/ETL_PIPELINE.py took 0.127 seconds
[2026-05-17T12:46:54.790+0000] {processor.py:161} INFO - Started process (PID=3581) to work on /opt/airflow/dags/ETL_PIPELINE.py
[2026-05-17T12:46:54.792+0000] {processor.py:830} INFO - Processing file /opt/airflow/dags/ETL_PIPELINE.py for tasks to queue
[2026-05-17T12:46:54.799+0000] {logging_mixin.py:188} INFO - [2026-05-17T12:46:54.799+0000] {dagbag.py:545} INFO - Filling up the DagBag from /opt/airflow/dags/ETL_PIPELINE.py
[2026-05-17T12:46:54.834+0000] {processor.py:840} INFO - DAG(s) 'munich_airbnb_etl' retrieved from /opt/airflow/dags/ETL_PIPELINE.py
[2026-05-17T12:46:55.196+0000] {logging_mixin.py:188} INFO - [2026-05-17T12:46:55.195+0000] {dag.py:3096} INFO - Sync 1 DAGs
[2026-05-17T12:46:56.059+0000] {logging_mixin.py:188} INFO - [2026-05-17T12:46:56.057+0000] {dag.py:3954} INFO - Setting next_dagrun for munich_airbnb_etl to 2026-05-17 00:00:00+00:00, run_after=2026-05-18 00:00:00+00:00
[2026-05-17T12:46:56.137+0000] {processor.py:183} INFO - Processing /opt/airflow/dags/ETL_PIPELINE.py took 1.361 seconds
[2026-05-17T12:47:26.846+0000] {processor.py:161} INFO - Started process (PID=3639) to work on /opt/airflow/dags/ETL_PIPELINE.py
[2026-05-17T12:47:26.847+0000] {processor.py:830} INFO - Processing file /opt/airflow/dags/ETL_PIPELINE.py for tasks to queue
[2026-05-17T12:47:26.849+0000] {logging_mixin.py:188} INFO - [2026-05-17T12:47:26.849+0000] {dagbag.py:545} INFO - Filling up the DagBag from /opt/airflow/dags/ETL_PIPELINE.py
[2026-05-17T12:47:26.880+0000] {processor.py:840} INFO - DAG(s) 'munich_airbnb_etl' retrieved from /opt/airflow/dags/ETL_PIPELINE.py
[2026-05-17T12:47:26.908+0000] {logging_mixin.py:188} INFO - [2026-05-17T12:47:26.908+0000] {dag.py:3096} INFO - Sync 1 DAGs
[2026-05-17T12:47:26.946+0000] {logging_mixin.py:188} INFO - [2026-05-17T12:47:26.945+0000] {dag.py:3954} INFO - Setting next_dagrun for munich_airbnb_etl to 2026-05-17 00:00:00+00:00, run_after=2026-05-18 00:00:00+00:00
[2026-05-17T12:47:26.980+0000] {processor.py:183} INFO - Processing /opt/airflow/dags/ETL_PIPELINE.py took 0.145 seconds
[2026-05-17T12:47:57.438+0000] {processor.py:161} INFO - Started process (PID=3698) to work on /opt/airflow/dags/ETL_PIPELINE.py
[2026-05-17T12:47:57.441+0000] {processor.py:830} INFO - Processing file /opt/airflow/dags/ETL_PIPELINE.py for tasks to queue
[2026-05-17T12:47:57.444+0000] {logging_mixin.py:188} INFO - [2026-05-17T12:47:57.444+0000] {dagbag.py:545} INFO - Filling up the DagBag from /opt/airflow/dags/ETL_PIPELINE.py
[2026-05-17T12:47:57.475+0000] {processor.py:840} INFO - DAG(s) 'munich_airbnb_etl' retrieved from /opt/airflow/dags/ETL_PIPELINE.py
[2026-05-17T12:47:57.514+0000] {logging_mixin.py:188} INFO - [2026-05-17T12:47:57.513+0000] {dag.py:3096} INFO - Sync 1 DAGs
[2026-05-17T12:47:57.549+0000] {logging_mixin.py:188} INFO - [2026-05-17T12:47:57.548+0000] {dag.py:3954} INFO - Setting next_dagrun for munich_airbnb_etl to 2026-05-17 00:00:00+00:00, run_after=2026-05-18 00:00:00+00:00
[2026-05-17T12:47:57.582+0000] {processor.py:183} INFO - Processing /opt/airflow/dags/ETL_PIPELINE.py took 0.153 seconds
[2026-05-17T12:48:28.058+0000] {processor.py:161} INFO - Started process (PID=3757) to work on /opt/airflow/dags/ETL_PIPELINE.py
[2026-05-17T12:48:28.059+0000] {processor.py:830} INFO - Processing file /opt/airflow/dags/ETL_PIPELINE.py for tasks to queue
[2026-05-17T12:48:28.061+0000] {logging_mixin.py:188} INFO - [2026-05-17T12:48:28.061+0000] {dagbag.py:545} INFO - Filling up the DagBag from /opt/airflow/dags/ETL_PIPELINE.py
[2026-05-17T12:48:28.085+0000] {processor.py:840} INFO - DAG(s) 'munich_airbnb_etl' retrieved from /opt/airflow/dags/ETL_PIPELINE.py
[2026-05-17T12:48:28.106+0000] {logging_mixin.py:188} INFO - [2026-05-17T12:48:28.106+0000] {dag.py:3096} INFO - Sync 1 DAGs
[2026-05-17T12:48:28.134+0000] {logging_mixin.py:188} INFO - [2026-05-17T12:48:28.134+0000] {dag.py:3954} INFO - Setting next_dagrun for munich_airbnb_etl to 2026-05-17 00:00:00+00:00, run_after=2026-05-18 00:00:00+00:00
[2026-05-17T12:48:28.160+0000] {processor.py:183} INFO - Processing /opt/airflow/dags/ETL_PIPELINE.py took 0.110 seconds
[2026-05-17T12:48:58.314+0000] {processor.py:161} INFO - Started process (PID=3816) to work on /opt/airflow/dags/ETL_PIPELINE.py
[2026-05-17T12:48:58.316+0000] {processor.py:830} INFO - Processing file /opt/airflow/dags/ETL_PIPELINE.py for tasks to queue
[2026-05-17T12:48:58.322+0000] {logging_mixin.py:188} INFO - [2026-05-17T12:48:58.321+0000] {dagbag.py:545} INFO - Filling up the DagBag from /opt/airflow/dags/ETL_PIPELINE.py
[2026-05-17T12:48:58.362+0000] {processor.py:840} INFO - DAG(s) 'munich_airbnb_etl' retrieved from /opt/airflow/dags/ETL_PIPELINE.py
[2026-05-17T12:48:58.404+0000] {logging_mixin.py:188} INFO - [2026-05-17T12:48:58.404+0000] {dag.py:3096} INFO - Sync 1 DAGs
[2026-05-17T12:48:58.458+0000] {logging_mixin.py:188} INFO - [2026-05-17T12:48:58.458+0000] {dag.py:3954} INFO - Setting next_dagrun for munich_airbnb_etl to 2026-05-17 00:00:00+00:00, run_after=2026-05-18 00:00:00+00:00
[2026-05-17T12:48:58.502+0000] {processor.py:183} INFO - Processing /opt/airflow/dags/ETL_PIPELINE.py took 0.201 seconds
[2026-05-17T12:49:28.666+0000] {processor.py:161} INFO - Started process (PID=3875) to work on /opt/airflow/dags/ETL_PIPELINE.py
[2026-05-17T12:49:28.667+0000] {processor.py:830} INFO - Processing file /opt/airflow/dags/ETL_PIPELINE.py for tasks to queue
[2026-05-17T12:49:28.671+0000] {logging_mixin.py:188} INFO - [2026-05-17T12:49:28.670+0000] {dagbag.py:545} INFO - Filling up the DagBag from /opt/airflow/dags/ETL_PIPELINE.py
[2026-05-17T12:49:28.695+0000] {processor.py:840} INFO - DAG(s) 'munich_airbnb_etl' retrieved from /opt/airflow/dags/ETL_PIPELINE.py
[2026-05-17T12:49:28.718+0000] {logging_mixin.py:188} INFO - [2026-05-17T12:49:28.718+0000] {dag.py:3096} INFO - Sync 1 DAGs
[2026-05-17T12:49:28.749+0000] {logging_mixin.py:188} INFO - [2026-05-17T12:49:28.748+0000] {dag.py:3954} INFO - Setting next_dagrun for munich_airbnb_etl to 2026-05-17 00:00:00+00:00, run_after=2026-05-18 00:00:00+00:00
[2026-05-17T12:49:28.779+0000] {processor.py:183} INFO - Processing /opt/airflow/dags/ETL_PIPELINE.py took 0.129 seconds
[2026-05-17T12:49:59.208+0000] {processor.py:161} INFO - Started process (PID=3935) to work on /opt/airflow/dags/ETL_PIPELINE.py
[2026-05-17T12:49:59.209+0000] {processor.py:830} INFO - Processing file /opt/airflow/dags/ETL_PIPELINE.py for tasks to queue
[2026-05-17T12:49:59.211+0000] {logging_mixin.py:188} INFO - [2026-05-17T12:49:59.211+0000] {dagbag.py:545} INFO - Filling up the DagBag from /opt/airflow/dags/ETL_PIPELINE.py
[2026-05-17T12:49:59.231+0000] {processor.py:840} INFO - DAG(s) 'munich_airbnb_etl' retrieved from /opt/airflow/dags/ETL_PIPELINE.py
[2026-05-17T12:49:59.255+0000] {logging_mixin.py:188} INFO - [2026-05-17T12:49:59.255+0000] {dag.py:3096} INFO - Sync 1 DAGs
[2026-05-17T12:49:59.282+0000] {logging_mixin.py:188} INFO - [2026-05-17T12:49:59.282+0000] {dag.py:3954} INFO - Setting next_dagrun for munich_airbnb_etl to 2026-05-17 00:00:00+00:00, run_after=2026-05-18 00:00:00+00:00
[2026-05-17T12:49:59.311+0000] {processor.py:183} INFO - Processing /opt/airflow/dags/ETL_PIPELINE.py took 0.111 seconds
[2026-05-17T12:50:29.521+0000] {processor.py:161} INFO - Started process (PID=3994) to work on /opt/airflow/dags/ETL_PIPELINE.py
[2026-05-17T12:50:29.522+0000] {processor.py:830} INFO - Processing file /opt/airflow/dags/ETL_PIPELINE.py for tasks to queue
[2026-05-17T12:50:29.525+0000] {logging_mixin.py:188} INFO - [2026-05-17T12:50:29.524+0000] {dagbag.py:545} INFO - Filling up the DagBag from /opt/airflow/dags/ETL_PIPELINE.py
[2026-05-17T12:50:29.553+0000] {processor.py:840} INFO - DAG(s) 'munich_airbnb_etl' retrieved from /opt/airflow/dags/ETL_PIPELINE.py
[2026-05-17T12:50:29.577+0000] {logging_mixin.py:188} INFO - [2026-05-17T12:50:29.577+0000] {dag.py:3096} INFO - Sync 1 DAGs
[2026-05-17T12:50:29.605+0000] {logging_mixin.py:188} INFO - [2026-05-17T12:50:29.605+0000] {dag.py:3954} INFO - Setting next_dagrun for munich_airbnb_etl to 2026-05-17 00:00:00+00:00, run_after=2026-05-18 00:00:00+00:00
[2026-05-17T12:50:29.633+0000] {processor.py:183} INFO - Processing /opt/airflow/dags/ETL_PIPELINE.py took 0.119 seconds
[2026-05-17T12:51:00.312+0000] {processor.py:161} INFO - Started process (PID=4053) to work on /opt/airflow/dags/ETL_PIPELINE.py
[2026-05-17T12:51:00.314+0000] {processor.py:830} INFO - Processing file /opt/airflow/dags/ETL_PIPELINE.py for tasks to queue
[2026-05-17T12:51:00.316+0000] {logging_mixin.py:188} INFO - [2026-05-17T12:51:00.315+0000] {dagbag.py:545} INFO - Filling up the DagBag from /opt/airflow/dags/ETL_PIPELINE.py
[2026-05-17T12:51:00.339+0000] {processor.py:840} INFO - DAG(s) 'munich_airbnb_etl' retrieved from /opt/airflow/dags/ETL_PIPELINE.py
[2026-05-17T12:51:00.364+0000] {logging_mixin.py:188} INFO - [2026-05-17T12:51:00.364+0000] {dag.py:3096} INFO - Sync 1 DAGs
[2026-05-17T12:51:00.392+0000] {logging_mixin.py:188} INFO - [2026-05-17T12:51:00.392+0000] {dag.py:3954} INFO - Setting next_dagrun for munich_airbnb_etl to 2026-05-17 00:00:00+00:00, run_after=2026-05-18 00:00:00+00:00
[2026-05-17T12:51:00.418+0000] {processor.py:183} INFO - Processing /opt/airflow/dags/ETL_PIPELINE.py took 0.114 seconds
[2026-05-17T12:51:30.655+0000] {processor.py:161} INFO - Started process (PID=4112) to work on /opt/airflow/dags/ETL_PIPELINE.py
[2026-05-17T12:51:30.659+0000] {processor.py:830} INFO - Processing file /opt/airflow/dags/ETL_PIPELINE.py for tasks to queue
[2026-05-17T12:51:30.665+0000] {logging_mixin.py:188} INFO - [2026-05-17T12:51:30.664+0000] {dagbag.py:545} INFO - Filling up the DagBag from /opt/airflow/dags/ETL_PIPELINE.py
[2026-05-17T12:51:30.693+0000] {processor.py:840} INFO - DAG(s) 'munich_airbnb_etl' retrieved from /opt/airflow/dags/ETL_PIPELINE.py
[2026-05-17T12:51:30.727+0000] {logging_mixin.py:188} INFO - [2026-05-17T12:51:30.727+0000] {dag.py:3096} INFO - Sync 1 DAGs
[2026-05-17T12:51:30.766+0000] {logging_mixin.py:188} INFO - [2026-05-17T12:51:30.766+0000] {dag.py:3954} INFO - Setting next_dagrun for munich_airbnb_etl to 2026-05-17 00:00:00+00:00, run_after=2026-05-18 00:00:00+00:00
[2026-05-17T12:51:30.806+0000] {processor.py:183} INFO - Processing /opt/airflow/dags/ETL_PIPELINE.py took 0.166 seconds
[2026-05-17T12:52:01.277+0000] {processor.py:161} INFO - Started process (PID=4171) to work on /opt/airflow/dags/ETL_PIPELINE.py
[2026-05-17T12:52:01.280+0000] {processor.py:830} INFO - Processing file /opt/airflow/dags/ETL_PIPELINE.py for tasks to queue
[2026-05-17T12:52:01.287+0000] {logging_mixin.py:188} INFO - [2026-05-17T12:52:01.286+0000] {dagbag.py:545} INFO - Filling up the DagBag from /opt/airflow/dags/ETL_PIPELINE.py
[2026-05-17T12:52:01.338+0000] {processor.py:840} INFO - DAG(s) 'munich_airbnb_etl' retrieved from /opt/airflow/dags/ETL_PIPELINE.py
[2026-05-17T12:52:01.372+0000] {logging_mixin.py:188} INFO - [2026-05-17T12:52:01.372+0000] {dag.py:3096} INFO - Sync 1 DAGs
[2026-05-17T12:52:01.414+0000] {logging_mixin.py:188} INFO - [2026-05-17T12:52:01.413+0000] {dag.py:3954} INFO - Setting next_dagrun for munich_airbnb_etl to 2026-05-17 00:00:00+00:00, run_after=2026-05-18 00:00:00+00:00
[2026-05-17T12:52:01.457+0000] {processor.py:183} INFO - Processing /opt/airflow/dags/ETL_PIPELINE.py took 0.218 seconds
[2026-05-17T12:52:31.862+0000] {processor.py:161} INFO - Started process (PID=4232) to work on /opt/airflow/dags/ETL_PIPELINE.py
[2026-05-17T12:52:31.868+0000] {processor.py:830} INFO - Processing file /opt/airflow/dags/ETL_PIPELINE.py for tasks to queue
[2026-05-17T12:52:31.872+0000] {logging_mixin.py:188} INFO - [2026-05-17T12:52:31.871+0000] {dagbag.py:545} INFO - Filling up the DagBag from /opt/airflow/dags/ETL_PIPELINE.py
[2026-05-17T12:52:31.926+0000] {processor.py:840} INFO - DAG(s) 'munich_airbnb_etl' retrieved from /opt/airflow/dags/ETL_PIPELINE.py
[2026-05-17T12:52:31.987+0000] {logging_mixin.py:188} INFO - [2026-05-17T12:52:31.987+0000] {dag.py:3096} INFO - Sync 1 DAGs
[2026-05-17T12:52:32.025+0000] {logging_mixin.py:188} INFO - [2026-05-17T12:52:32.024+0000] {dag.py:3954} INFO - Setting next_dagrun for munich_airbnb_etl to 2026-05-17 00:00:00+00:00, run_after=2026-05-18 00:00:00+00:00
[2026-05-17T12:52:32.051+0000] {processor.py:183} INFO - Processing /opt/airflow/dags/ETL_PIPELINE.py took 0.201 seconds
[2026-05-17T12:53:02.555+0000] {processor.py:161} INFO - Started process (PID=4290) to work on /opt/airflow/dags/ETL_PIPELINE.py
[2026-05-17T12:53:02.557+0000] {processor.py:830} INFO - Processing file /opt/airflow/dags/ETL_PIPELINE.py for tasks to queue
[2026-05-17T12:53:02.560+0000] {logging_mixin.py:188} INFO - [2026-05-17T12:53:02.560+0000] {dagbag.py:545} INFO - Filling up the DagBag from /opt/airflow/dags/ETL_PIPELINE.py
[2026-05-17T12:53:02.584+0000] {processor.py:840} INFO - DAG(s) 'munich_airbnb_etl' retrieved from /opt/airflow/dags/ETL_PIPELINE.py
[2026-05-17T12:53:02.608+0000] {logging_mixin.py:188} INFO - [2026-05-17T12:53:02.608+0000] {dag.py:3096} INFO - Sync 1 DAGs
[2026-05-17T12:53:02.636+0000] {logging_mixin.py:188} INFO - [2026-05-17T12:53:02.636+0000] {dag.py:3954} INFO - Setting next_dagrun for munich_airbnb_etl to 2026-05-17 00:00:00+00:00, run_after=2026-05-18 00:00:00+00:00
[2026-05-17T12:53:02.663+0000] {processor.py:183} INFO - Processing /opt/airflow/dags/ETL_PIPELINE.py took 0.116 seconds
[2026-05-17T12:53:33.477+0000] {processor.py:161} INFO - Started process (PID=4349) to work on /opt/airflow/dags/ETL_PIPELINE.py
[2026-05-17T12:53:33.478+0000] {processor.py:830} INFO - Processing file /opt/airflow/dags/ETL_PIPELINE.py for tasks to queue
[2026-05-17T12:53:33.481+0000] {logging_mixin.py:188} INFO - [2026-05-17T12:53:33.481+0000] {dagbag.py:545} INFO - Filling up the DagBag from /opt/airflow/dags/ETL_PIPELINE.py
[2026-05-17T12:53:33.529+0000] {processor.py:840} INFO - DAG(s) 'munich_airbnb_etl' retrieved from /opt/airflow/dags/ETL_PIPELINE.py
[2026-05-17T12:53:33.577+0000] {logging_mixin.py:188} INFO - [2026-05-17T12:53:33.577+0000] {dag.py:3096} INFO - Sync 1 DAGs
[2026-05-17T12:53:33.632+0000] {logging_mixin.py:188} INFO - [2026-05-17T12:53:33.632+0000] {dag.py:3954} INFO - Setting next_dagrun for munich_airbnb_etl to 2026-05-17 00:00:00+00:00, run_after=2026-05-18 00:00:00+00:00
[2026-05-17T12:53:33.684+0000] {processor.py:183} INFO - Processing /opt/airflow/dags/ETL_PIPELINE.py took 0.223 seconds
[2026-05-17T12:54:03.872+0000] {processor.py:161} INFO - Started process (PID=4408) to work on /opt/airflow/dags/ETL_PIPELINE.py
[2026-05-17T12:54:03.873+0000] {processor.py:830} INFO - Processing file /opt/airflow/dags/ETL_PIPELINE.py for tasks to queue
[2026-05-17T12:54:03.878+0000] {logging_mixin.py:188} INFO - [2026-05-17T12:54:03.877+0000] {dagbag.py:545} INFO - Filling up the DagBag from /opt/airflow/dags/ETL_PIPELINE.py
[2026-05-17T12:54:03.913+0000] {processor.py:840} INFO - DAG(s) 'munich_airbnb_etl' retrieved from /opt/airflow/dags/ETL_PIPELINE.py
[2026-05-17T12:54:03.961+0000] {logging_mixin.py:188} INFO - [2026-05-17T12:54:03.960+0000] {dag.py:3096} INFO - Sync 1 DAGs
[2026-05-17T12:54:04.018+0000] {logging_mixin.py:188} INFO - [2026-05-17T12:54:04.018+0000] {dag.py:3954} INFO - Setting next_dagrun for munich_airbnb_etl to 2026-05-17 00:00:00+00:00, run_after=2026-05-18 00:00:00+00:00
[2026-05-17T12:54:04.074+0000] {processor.py:183} INFO - Processing /opt/airflow/dags/ETL_PIPELINE.py took 0.215 seconds
[2026-05-17T12:54:34.266+0000] {processor.py:161} INFO - Started process (PID=4468) to work on /opt/airflow/dags/ETL_PIPELINE.py
[2026-05-17T12:54:34.267+0000] {processor.py:830} INFO - Processing file /opt/airflow/dags/ETL_PIPELINE.py for tasks to queue
[2026-05-17T12:54:34.269+0000] {logging_mixin.py:188} INFO - [2026-05-17T12:54:34.269+0000] {dagbag.py:545} INFO - Filling up the DagBag from /opt/airflow/dags/ETL_PIPELINE.py
[2026-05-17T12:54:34.292+0000] {processor.py:840} INFO - DAG(s) 'munich_airbnb_etl' retrieved from /opt/airflow/dags/ETL_PIPELINE.py
[2026-05-17T12:54:34.315+0000] {logging_mixin.py:188} INFO - [2026-05-17T12:54:34.314+0000] {dag.py:3096} INFO - Sync 1 DAGs
[2026-05-17T12:54:34.343+0000] {logging_mixin.py:188} INFO - [2026-05-17T12:54:34.342+0000] {dag.py:3954} INFO - Setting next_dagrun for munich_airbnb_etl to 2026-05-17 00:00:00+00:00, run_after=2026-05-18 00:00:00+00:00
[2026-05-17T12:54:34.368+0000] {processor.py:183} INFO - Processing /opt/airflow/dags/ETL_PIPELINE.py took 0.109 seconds
[2026-05-17T12:55:04.507+0000] {processor.py:161} INFO - Started process (PID=4527) to work on /opt/airflow/dags/ETL_PIPELINE.py
[2026-05-17T12:55:04.509+0000] {processor.py:830} INFO - Processing file /opt/airflow/dags/ETL_PIPELINE.py for tasks to queue
[2026-05-17T12:55:04.511+0000] {logging_mixin.py:188} INFO - [2026-05-17T12:55:04.511+0000] {dagbag.py:545} INFO - Filling up the DagBag from /opt/airflow/dags/ETL_PIPELINE.py
[2026-05-17T12:55:04.537+0000] {processor.py:840} INFO - DAG(s) 'munich_airbnb_etl' retrieved from /opt/airflow/dags/ETL_PIPELINE.py
[2026-05-17T12:55:04.562+0000] {logging_mixin.py:188} INFO - [2026-05-17T12:55:04.561+0000] {dag.py:3096} INFO - Sync 1 DAGs
[2026-05-17T12:55:04.592+0000] {logging_mixin.py:188} INFO - [2026-05-17T12:55:04.591+0000] {dag.py:3954} INFO - Setting next_dagrun for munich_airbnb_etl to 2026-05-17 00:00:00+00:00, run_after=2026-05-18 00:00:00+00:00
[2026-05-17T12:55:04.618+0000] {processor.py:183} INFO - Processing /opt/airflow/dags/ETL_PIPELINE.py took 0.119 seconds
[2026-05-17T12:55:34.680+0000] {processor.py:161} INFO - Started process (PID=4586) to work on /opt/airflow/dags/ETL_PIPELINE.py
[2026-05-17T12:55:34.682+0000] {processor.py:830} INFO - Processing file /opt/airflow/dags/ETL_PIPELINE.py for tasks to queue
[2026-05-17T12:55:34.685+0000] {logging_mixin.py:188} INFO - [2026-05-17T12:55:34.684+0000] {dagbag.py:545} INFO - Filling up the DagBag from /opt/airflow/dags/ETL_PIPELINE.py
[2026-05-17T12:55:34.723+0000] {processor.py:840} INFO - DAG(s) 'munich_airbnb_etl' retrieved from /opt/airflow/dags/ETL_PIPELINE.py
[2026-05-17T12:55:34.755+0000] {logging_mixin.py:188} INFO - [2026-05-17T12:55:34.754+0000] {dag.py:3096} INFO - Sync 1 DAGs
[2026-05-17T12:55:34.790+0000] {logging_mixin.py:188} INFO - [2026-05-17T12:55:34.789+0000] {dag.py:3954} INFO - Setting next_dagrun for munich_airbnb_etl to 2026-05-17 00:00:00+00:00, run_after=2026-05-18 00:00:00+00:00
[2026-05-17T12:55:34.815+0000] {processor.py:183} INFO - Processing /opt/airflow/dags/ETL_PIPELINE.py took 0.142 seconds
[2026-05-17T12:56:05.368+0000] {processor.py:161} INFO - Started process (PID=4644) to work on /opt/airflow/dags/ETL_PIPELINE.py
[2026-05-17T12:56:05.369+0000] {processor.py:830} INFO - Processing file /opt/airflow/dags/ETL_PIPELINE.py for tasks to queue
[2026-05-17T12:56:05.372+0000] {logging_mixin.py:188} INFO - [2026-05-17T12:56:05.372+0000] {dagbag.py:545} INFO - Filling up the DagBag from /opt/airflow/dags/ETL_PIPELINE.py
[2026-05-17T12:56:05.400+0000] {processor.py:840} INFO - DAG(s) 'munich_airbnb_etl' retrieved from /opt/airflow/dags/ETL_PIPELINE.py
[2026-05-17T12:56:05.423+0000] {logging_mixin.py:188} INFO - [2026-05-17T12:56:05.422+0000] {dag.py:3096} INFO - Sync 1 DAGs
[2026-05-17T12:56:05.455+0000] {logging_mixin.py:188} INFO - [2026-05-17T12:56:05.455+0000] {dag.py:3954} INFO - Setting next_dagrun for munich_airbnb_etl to 2026-05-17 00:00:00+00:00, run_after=2026-05-18 00:00:00+00:00
[2026-05-17T12:56:05.500+0000] {processor.py:183} INFO - Processing /opt/airflow/dags/ETL_PIPELINE.py took 0.147 seconds
[2026-05-17T12:56:35.806+0000] {processor.py:161} INFO - Started process (PID=4703) to work on /opt/airflow/dags/ETL_PIPELINE.py
[2026-05-17T12:56:35.817+0000] {processor.py:830} INFO - Processing file /opt/airflow/dags/ETL_PIPELINE.py for tasks to queue
[2026-05-17T12:56:35.824+0000] {logging_mixin.py:188} INFO - [2026-05-17T12:56:35.822+0000] {dagbag.py:545} INFO - Filling up the DagBag from /opt/airflow/dags/ETL_PIPELINE.py
[2026-05-17T12:56:35.902+0000] {processor.py:840} INFO - DAG(s) 'munich_airbnb_etl' retrieved from /opt/airflow/dags/ETL_PIPELINE.py
[2026-05-17T12:56:36.169+0000] {logging_mixin.py:188} INFO - [2026-05-17T12:56:36.168+0000] {dag.py:3096} INFO - Sync 1 DAGs
[2026-05-17T12:56:36.219+0000] {logging_mixin.py:188} INFO - [2026-05-17T12:56:36.219+0000] {dag.py:3954} INFO - Setting next_dagrun for munich_airbnb_etl to 2026-05-17 00:00:00+00:00, run_after=2026-05-18 00:00:00+00:00
[2026-05-17T12:56:36.260+0000] {processor.py:183} INFO - Processing /opt/airflow/dags/ETL_PIPELINE.py took 0.482 seconds
[2026-05-17T12:57:07.157+0000] {processor.py:161} INFO - Started process (PID=4762) to work on /opt/airflow/dags/ETL_PIPELINE.py
[2026-05-17T12:57:07.160+0000] {processor.py:830} INFO - Processing file /opt/airflow/dags/ETL_PIPELINE.py for tasks to queue
[2026-05-17T12:57:07.163+0000] {logging_mixin.py:188} INFO - [2026-05-17T12:57:07.162+0000] {dagbag.py:545} INFO - Filling up the DagBag from /opt/airflow/dags/ETL_PIPELINE.py
[2026-05-17T12:57:07.191+0000] {processor.py:840} INFO - DAG(s) 'munich_airbnb_etl' retrieved from /opt/airflow/dags/ETL_PIPELINE.py
[2026-05-17T12:57:07.242+0000] {logging_mixin.py:188} INFO - [2026-05-17T12:57:07.242+0000] {dag.py:3096} INFO - Sync 1 DAGs
[2026-05-17T12:57:07.274+0000] {logging_mixin.py:188} INFO - [2026-05-17T12:57:07.274+0000] {dag.py:3954} INFO - Setting next_dagrun for munich_airbnb_etl to 2026-05-17 00:00:00+00:00, run_after=2026-05-18 00:00:00+00:00
[2026-05-17T12:57:07.303+0000] {processor.py:183} INFO - Processing /opt/airflow/dags/ETL_PIPELINE.py took 0.155 seconds
[2026-05-17T12:57:37.439+0000] {processor.py:161} INFO - Started process (PID=4819) to work on /opt/airflow/dags/ETL_PIPELINE.py
[2026-05-17T12:57:37.441+0000] {processor.py:830} INFO - Processing file /opt/airflow/dags/ETL_PIPELINE.py for tasks to queue
[2026-05-17T12:57:37.444+0000] {logging_mixin.py:188} INFO - [2026-05-17T12:57:37.443+0000] {dagbag.py:545} INFO - Filling up the DagBag from /opt/airflow/dags/ETL_PIPELINE.py
[2026-05-17T12:57:37.468+0000] {processor.py:840} INFO - DAG(s) 'munich_airbnb_etl' retrieved from /opt/airflow/dags/ETL_PIPELINE.py
[2026-05-17T12:57:37.504+0000] {logging_mixin.py:188} INFO - [2026-05-17T12:57:37.503+0000] {dag.py:3096} INFO - Sync 1 DAGs
[2026-05-17T12:57:37.556+0000] {logging_mixin.py:188} INFO - [2026-05-17T12:57:37.555+0000] {dag.py:3954} INFO - Setting next_dagrun for munich_airbnb_etl to 2026-05-17 00:00:00+00:00, run_after=2026-05-18 00:00:00+00:00
[2026-05-17T12:57:37.589+0000] {processor.py:183} INFO - Processing /opt/airflow/dags/ETL_PIPELINE.py took 0.159 seconds
[2026-05-17T12:58:07.910+0000] {processor.py:161} INFO - Started process (PID=4878) to work on /opt/airflow/dags/ETL_PIPELINE.py
[2026-05-17T12:58:07.911+0000] {processor.py:830} INFO - Processing file /opt/airflow/dags/ETL_PIPELINE.py for tasks to queue
[2026-05-17T12:58:07.914+0000] {logging_mixin.py:188} INFO - [2026-05-17T12:58:07.913+0000] {dagbag.py:545} INFO - Filling up the DagBag from /opt/airflow/dags/ETL_PIPELINE.py
[2026-05-17T12:58:07.939+0000] {processor.py:840} INFO - DAG(s) 'munich_airbnb_etl' retrieved from /opt/airflow/dags/ETL_PIPELINE.py
[2026-05-17T12:58:07.964+0000] {logging_mixin.py:188} INFO - [2026-05-17T12:58:07.964+0000] {dag.py:3096} INFO - Sync 1 DAGs
[2026-05-17T12:58:07.993+0000] {logging_mixin.py:188} INFO - [2026-05-17T12:58:07.993+0000] {dag.py:3954} INFO - Setting next_dagrun for munich_airbnb_etl to 2026-05-17 00:00:00+00:00, run_after=2026-05-18 00:00:00+00:00
[2026-05-17T12:58:08.025+0000] {processor.py:183} INFO - Processing /opt/airflow/dags/ETL_PIPELINE.py took 0.125 seconds
[2026-05-17T12:58:38.172+0000] {processor.py:161} INFO - Started process (PID=4937) to work on /opt/airflow/dags/ETL_PIPELINE.py
[2026-05-17T12:58:38.175+0000] {processor.py:830} INFO - Processing file /opt/airflow/dags/ETL_PIPELINE.py for tasks to queue
[2026-05-17T12:58:38.179+0000] {logging_mixin.py:188} INFO - [2026-05-17T12:58:38.178+0000] {dagbag.py:545} INFO - Filling up the DagBag from /opt/airflow/dags/ETL_PIPELINE.py
[2026-05-17T12:58:38.223+0000] {processor.py:840} INFO - DAG(s) 'munich_airbnb_etl' retrieved from /opt/airflow/dags/ETL_PIPELINE.py
[2026-05-17T12:58:38.266+0000] {logging_mixin.py:188} INFO - [2026-05-17T12:58:38.266+0000] {dag.py:3096} INFO - Sync 1 DAGs
[2026-05-17T12:58:38.429+0000] {logging_mixin.py:188} INFO - [2026-05-17T12:58:38.428+0000] {dag.py:3954} INFO - Setting next_dagrun for munich_airbnb_etl to 2026-05-17 00:00:00+00:00, run_after=2026-05-18 00:00:00+00:00
[2026-05-17T12:58:38.500+0000] {processor.py:183} INFO - Processing /opt/airflow/dags/ETL_PIPELINE.py took 0.343 seconds
[2026-05-17T12:59:08.828+0000] {processor.py:161} INFO - Started process (PID=4996) to work on /opt/airflow/dags/ETL_PIPELINE.py
[2026-05-17T12:59:08.831+0000] {processor.py:830} INFO - Processing file /opt/airflow/dags/ETL_PIPELINE.py for tasks to queue
[2026-05-17T12:59:08.834+0000] {logging_mixin.py:188} INFO - [2026-05-17T12:59:08.834+0000] {dagbag.py:545} INFO - Filling up the DagBag from /opt/airflow/dags/ETL_PIPELINE.py
[2026-05-17T12:59:08.868+0000] {processor.py:840} INFO - DAG(s) 'munich_airbnb_etl' retrieved from /opt/airflow/dags/ETL_PIPELINE.py
[2026-05-17T12:59:08.907+0000] {logging_mixin.py:188} INFO - [2026-05-17T12:59:08.906+0000] {dag.py:3096} INFO - Sync 1 DAGs
[2026-05-17T12:59:08.956+0000] {logging_mixin.py:188} INFO - [2026-05-17T12:59:08.956+0000] {dag.py:3954} INFO - Setting next_dagrun for munich_airbnb_etl to 2026-05-17 00:00:00+00:00, run_after=2026-05-18 00:00:00+00:00
[2026-05-17T12:59:09.004+0000] {processor.py:183} INFO - Processing /opt/airflow/dags/ETL_PIPELINE.py took 0.190 seconds
[2026-05-17T12:59:39.579+0000] {processor.py:161} INFO - Started process (PID=5055) to work on /opt/airflow/dags/ETL_PIPELINE.py
[2026-05-17T12:59:39.582+0000] {processor.py:830} INFO - Processing file /opt/airflow/dags/ETL_PIPELINE.py for tasks to queue
[2026-05-17T12:59:39.586+0000] {logging_mixin.py:188} INFO - [2026-05-17T12:59:39.585+0000] {dagbag.py:545} INFO - Filling up the DagBag from /opt/airflow/dags/ETL_PIPELINE.py
[2026-05-17T12:59:39.631+0000] {processor.py:840} INFO - DAG(s) 'munich_airbnb_etl' retrieved from /opt/airflow/dags/ETL_PIPELINE.py
[2026-05-17T12:59:39.678+0000] {logging_mixin.py:188} INFO - [2026-05-17T12:59:39.677+0000] {dag.py:3096} INFO - Sync 1 DAGs
[2026-05-17T12:59:39.754+0000] {logging_mixin.py:188} INFO - [2026-05-17T12:59:39.754+0000] {dag.py:3954} INFO - Setting next_dagrun for munich_airbnb_etl to 2026-05-17 00:00:00+00:00, run_after=2026-05-18 00:00:00+00:00
[2026-05-17T12:59:39.827+0000] {processor.py:183} INFO - Processing /opt/airflow/dags/ETL_PIPELINE.py took 0.265 seconds
[2026-05-17T13:00:10.309+0000] {processor.py:161} INFO - Started process (PID=5114) to work on /opt/airflow/dags/ETL_PIPELINE.py
[2026-05-17T13:00:10.311+0000] {processor.py:830} INFO - Processing file /opt/airflow/dags/ETL_PIPELINE.py for tasks to queue
[2026-05-17T13:00:10.315+0000] {logging_mixin.py:188} INFO - [2026-05-17T13:00:10.314+0000] {dagbag.py:545} INFO - Filling up the DagBag from /opt/airflow/dags/ETL_PIPELINE.py
[2026-05-17T13:00:10.345+0000] {processor.py:840} INFO - DAG(s) 'munich_airbnb_etl' retrieved from /opt/airflow/dags/ETL_PIPELINE.py
[2026-05-17T13:00:10.374+0000] {logging_mixin.py:188} INFO - [2026-05-17T13:00:10.374+0000] {dag.py:3096} INFO - Sync 1 DAGs
[2026-05-17T13:00:10.410+0000] {logging_mixin.py:188} INFO - [2026-05-17T13:00:10.409+0000] {dag.py:3954} INFO - Setting next_dagrun for munich_airbnb_etl to 2026-05-17 00:00:00+00:00, run_after=2026-05-18 00:00:00+00:00
[2026-05-17T13:00:10.450+0000] {processor.py:183} INFO - Processing /opt/airflow/dags/ETL_PIPELINE.py took 0.149 seconds
[2026-05-17T13:00:40.639+0000] {processor.py:161} INFO - Started process (PID=5173) to work on /opt/airflow/dags/ETL_PIPELINE.py
[2026-05-17T13:00:40.640+0000] {processor.py:830} INFO - Processing file /opt/airflow/dags/ETL_PIPELINE.py for tasks to queue
[2026-05-17T13:00:40.643+0000] {logging_mixin.py:188} INFO - [2026-05-17T13:00:40.643+0000] {dagbag.py:545} INFO - Filling up the DagBag from /opt/airflow/dags/ETL_PIPELINE.py
[2026-05-17T13:00:40.667+0000] {processor.py:840} INFO - DAG(s) 'munich_airbnb_etl' retrieved from /opt/airflow/dags/ETL_PIPELINE.py
[2026-05-17T13:00:40.690+0000] {logging_mixin.py:188} INFO - [2026-05-17T13:00:40.690+0000] {dag.py:3096} INFO - Sync 1 DAGs
[2026-05-17T13:00:40.718+0000] {logging_mixin.py:188} INFO - [2026-05-17T13:00:40.718+0000] {dag.py:3954} INFO - Setting next_dagrun for munich_airbnb_etl to 2026-05-17 00:00:00+00:00, run_after=2026-05-18 00:00:00+00:00
[2026-05-17T13:00:40.745+0000] {processor.py:183} INFO - Processing /opt/airflow/dags/ETL_PIPELINE.py took 0.113 seconds
[2026-05-17T13:03:12.927+0000] {processor.py:161} INFO - Started process (PID=66) to work on /opt/airflow/dags/ETL_PIPELINE.py
[2026-05-17T13:03:12.929+0000] {processor.py:830} INFO - Processing file /opt/airflow/dags/ETL_PIPELINE.py for tasks to queue
[2026-05-17T13:03:12.933+0000] {logging_mixin.py:188} INFO - [2026-05-17T13:03:12.932+0000] {dagbag.py:545} INFO - Filling up the DagBag from /opt/airflow/dags/ETL_PIPELINE.py
[2026-05-17T13:03:12.996+0000] {processor.py:840} INFO - DAG(s) 'munich_airbnb_etl' retrieved from /opt/airflow/dags/ETL_PIPELINE.py
[2026-05-17T13:03:13.678+0000] {logging_mixin.py:188} INFO - [2026-05-17T13:03:13.677+0000] {dag.py:3096} INFO - Sync 1 DAGs
[2026-05-17T13:03:13.728+0000] {logging_mixin.py:188} INFO - [2026-05-17T13:03:13.728+0000] {dag.py:3954} INFO - Setting next_dagrun for munich_airbnb_etl to 2026-05-17 00:00:00+00:00, run_after=2026-05-18 00:00:00+00:00
[2026-05-17T13:03:13.788+0000] {processor.py:183} INFO - Processing /opt/airflow/dags/ETL_PIPELINE.py took 0.877 seconds
[2026-05-17T13:03:44.625+0000] {processor.py:161} INFO - Started process (PID=124) to work on /opt/airflow/dags/ETL_PIPELINE.py
[2026-05-17T13:03:44.627+0000] {processor.py:830} INFO - Processing file /opt/airflow/dags/ETL_PIPELINE.py for tasks to queue
[2026-05-17T13:03:44.632+0000] {logging_mixin.py:188} INFO - [2026-05-17T13:03:44.631+0000] {dagbag.py:545} INFO - Filling up the DagBag from /opt/airflow/dags/ETL_PIPELINE.py
[2026-05-17T13:03:44.666+0000] {processor.py:840} INFO - DAG(s) 'munich_airbnb_etl' retrieved from /opt/airflow/dags/ETL_PIPELINE.py
[2026-05-17T13:03:44.702+0000] {logging_mixin.py:188} INFO - [2026-05-17T13:03:44.702+0000] {dag.py:3096} INFO - Sync 1 DAGs
[2026-05-17T13:03:44.751+0000] {logging_mixin.py:188} INFO - [2026-05-17T13:03:44.750+0000] {dag.py:3954} INFO - Setting next_dagrun for munich_airbnb_etl to 2026-05-17 00:00:00+00:00, run_after=2026-05-18 00:00:00+00:00
[2026-05-17T13:03:44.785+0000] {processor.py:183} INFO - Processing /opt/airflow/dags/ETL_PIPELINE.py took 0.172 seconds
[2026-05-17T13:04:16.497+0000] {processor.py:161} INFO - Started process (PID=160) to work on /opt/airflow/dags/ETL_PIPELINE.py
[2026-05-17T13:04:16.499+0000] {processor.py:830} INFO - Processing file /opt/airflow/dags/ETL_PIPELINE.py for tasks to queue
[2026-05-17T13:04:16.507+0000] {logging_mixin.py:188} INFO - [2026-05-17T13:04:16.504+0000] {dagbag.py:545} INFO - Filling up the DagBag from /opt/airflow/dags/ETL_PIPELINE.py
[2026-05-17T13:04:16.556+0000] {processor.py:840} INFO - DAG(s) 'munich_airbnb_etl' retrieved from /opt/airflow/dags/ETL_PIPELINE.py
[2026-05-17T13:04:16.616+0000] {logging_mixin.py:188} INFO - [2026-05-17T13:04:16.615+0000] {dag.py:3096} INFO - Sync 1 DAGs
[2026-05-17T13:04:16.742+0000] {logging_mixin.py:188} INFO - [2026-05-17T13:04:16.742+0000] {dag.py:3954} INFO - Setting next_dagrun for munich_airbnb_etl to 2026-05-17 00:00:00+00:00, run_after=2026-05-18 00:00:00+00:00
[2026-05-17T13:04:16.829+0000] {processor.py:183} INFO - Processing /opt/airflow/dags/ETL_PIPELINE.py took 0.345 seconds
[2026-05-17T13:04:47.137+0000] {processor.py:161} INFO - Started process (PID=217) to work on /opt/airflow/dags/ETL_PIPELINE.py
[2026-05-17T13:04:47.140+0000] {processor.py:830} INFO - Processing file /opt/airflow/dags/ETL_PIPELINE.py for tasks to queue
[2026-05-17T13:04:47.147+0000] {logging_mixin.py:188} INFO - [2026-05-17T13:04:47.145+0000] {dagbag.py:545} INFO - Filling up the DagBag from /opt/airflow/dags/ETL_PIPELINE.py
[2026-05-17T13:04:47.191+0000] {processor.py:840} INFO - DAG(s) 'munich_airbnb_etl' retrieved from /opt/airflow/dags/ETL_PIPELINE.py
[2026-05-17T13:04:47.235+0000] {logging_mixin.py:188} INFO - [2026-05-17T13:04:47.234+0000] {dag.py:3096} INFO - Sync 1 DAGs
[2026-05-17T13:04:47.302+0000] {logging_mixin.py:188} INFO - [2026-05-17T13:04:47.301+0000] {dag.py:3954} INFO - Setting next_dagrun for munich_airbnb_etl to 2026-05-17 00:00:00+00:00, run_after=2026-05-18 00:00:00+00:00
[2026-05-17T13:04:47.411+0000] {processor.py:183} INFO - Processing /opt/airflow/dags/ETL_PIPELINE.py took 0.288 seconds
[2026-05-17T13:05:17.557+0000] {processor.py:161} INFO - Started process (PID=274) to work on /opt/airflow/dags/ETL_PIPELINE.py
[2026-05-17T13:05:17.559+0000] {processor.py:830} INFO - Processing file /opt/airflow/dags/ETL_PIPELINE.py for tasks to queue
[2026-05-17T13:05:17.562+0000] {logging_mixin.py:188} INFO - [2026-05-17T13:05:17.561+0000] {dagbag.py:545} INFO - Filling up the DagBag from /opt/airflow/dags/ETL_PIPELINE.py
[2026-05-17T13:05:17.594+0000] {processor.py:840} INFO - DAG(s) 'munich_airbnb_etl' retrieved from /opt/airflow/dags/ETL_PIPELINE.py
[2026-05-17T13:05:17.629+0000] {logging_mixin.py:188} INFO - [2026-05-17T13:05:17.628+0000] {dag.py:3096} INFO - Sync 1 DAGs
[2026-05-17T13:05:17.662+0000] {logging_mixin.py:188} INFO - [2026-05-17T13:05:17.662+0000] {dag.py:3954} INFO - Setting next_dagrun for munich_airbnb_etl to 2026-05-17 00:00:00+00:00, run_after=2026-05-18 00:00:00+00:00
[2026-05-17T13:05:17.699+0000] {processor.py:183} INFO - Processing /opt/airflow/dags/ETL_PIPELINE.py took 0.151 seconds
[2026-05-17T13:05:48.145+0000] {processor.py:161} INFO - Started process (PID=334) to work on /opt/airflow/dags/ETL_PIPELINE.py
[2026-05-17T13:05:48.147+0000] {processor.py:830} INFO - Processing file /opt/airflow/dags/ETL_PIPELINE.py for tasks to queue
[2026-05-17T13:05:48.149+0000] {logging_mixin.py:188} INFO - [2026-05-17T13:05:48.149+0000] {dagbag.py:545} INFO - Filling up the DagBag from /opt/airflow/dags/ETL_PIPELINE.py
[2026-05-17T13:05:48.401+0000] {processor.py:840} INFO - DAG(s) 'munich_airbnb_etl' retrieved from /opt/airflow/dags/ETL_PIPELINE.py
[2026-05-17T13:05:48.457+0000] {logging_mixin.py:188} INFO - [2026-05-17T13:05:48.456+0000] {dag.py:3096} INFO - Sync 1 DAGs
[2026-05-17T13:05:48.519+0000] {logging_mixin.py:188} INFO - [2026-05-17T13:05:48.519+0000] {dag.py:3954} INFO - Setting next_dagrun for munich_airbnb_etl to 2026-05-17 00:00:00+00:00, run_after=2026-05-18 00:00:00+00:00
[2026-05-17T13:05:48.605+0000] {processor.py:183} INFO - Processing /opt/airflow/dags/ETL_PIPELINE.py took 0.469 seconds
[2026-05-17T13:06:18.917+0000] {processor.py:161} INFO - Started process (PID=393) to work on /opt/airflow/dags/ETL_PIPELINE.py
[2026-05-17T13:06:18.919+0000] {processor.py:830} INFO - Processing file /opt/airflow/dags/ETL_PIPELINE.py for tasks to queue
[2026-05-17T13:06:18.922+0000] {logging_mixin.py:188} INFO - [2026-05-17T13:06:18.922+0000] {dagbag.py:545} INFO - Filling up the DagBag from /opt/airflow/dags/ETL_PIPELINE.py
[2026-05-17T13:06:18.950+0000] {processor.py:840} INFO - DAG(s) 'munich_airbnb_etl' retrieved from /opt/airflow/dags/ETL_PIPELINE.py
[2026-05-17T13:06:18.983+0000] {logging_mixin.py:188} INFO - [2026-05-17T13:06:18.982+0000] {dag.py:3096} INFO - Sync 1 DAGs
[2026-05-17T13:06:19.026+0000] {logging_mixin.py:188} INFO - [2026-05-17T13:06:19.025+0000] {dag.py:3954} INFO - Setting next_dagrun for munich_airbnb_etl to 2026-05-17 00:00:00+00:00, run_after=2026-05-18 00:00:00+00:00
[2026-05-17T13:06:19.063+0000] {processor.py:183} INFO - Processing /opt/airflow/dags/ETL_PIPELINE.py took 0.156 seconds
[2026-05-17T13:06:49.776+0000] {processor.py:161} INFO - Started process (PID=452) to work on /opt/airflow/dags/ETL_PIPELINE.py
[2026-05-17T13:06:49.778+0000] {processor.py:830} INFO - Processing file /opt/airflow/dags/ETL_PIPELINE.py for tasks to queue
[2026-05-17T13:06:49.781+0000] {logging_mixin.py:188} INFO - [2026-05-17T13:06:49.781+0000] {dagbag.py:545} INFO - Filling up the DagBag from /opt/airflow/dags/ETL_PIPELINE.py
[2026-05-17T13:06:49.808+0000] {processor.py:840} INFO - DAG(s) 'munich_airbnb_etl' retrieved from /opt/airflow/dags/ETL_PIPELINE.py
[2026-05-17T13:06:49.835+0000] {logging_mixin.py:188} INFO - [2026-05-17T13:06:49.835+0000] {dag.py:3096} INFO - Sync 1 DAGs
[2026-05-17T13:06:49.867+0000] {logging_mixin.py:188} INFO - [2026-05-17T13:06:49.867+0000] {dag.py:3954} INFO - Setting next_dagrun for munich_airbnb_etl to 2026-05-17 00:00:00+00:00, run_after=2026-05-18 00:00:00+00:00
[2026-05-17T13:06:49.897+0000] {processor.py:183} INFO - Processing /opt/airflow/dags/ETL_PIPELINE.py took 0.129 seconds
[2026-05-17T13:07:20.098+0000] {processor.py:161} INFO - Started process (PID=511) to work on /opt/airflow/dags/ETL_PIPELINE.py
[2026-05-17T13:07:20.107+0000] {processor.py:830} INFO - Processing file /opt/airflow/dags/ETL_PIPELINE.py for tasks to queue
[2026-05-17T13:07:20.118+0000] {logging_mixin.py:188} INFO - [2026-05-17T13:07:20.112+0000] {dagbag.py:545} INFO - Filling up the DagBag from /opt/airflow/dags/ETL_PIPELINE.py
[2026-05-17T13:07:20.194+0000] {processor.py:840} INFO - DAG(s) 'munich_airbnb_etl' retrieved from /opt/airflow/dags/ETL_PIPELINE.py
[2026-05-17T13:07:20.619+0000] {logging_mixin.py:188} INFO - [2026-05-17T13:07:20.574+0000] {dag.py:3096} INFO - Sync 1 DAGs
[2026-05-17T13:07:20.754+0000] {logging_mixin.py:188} INFO - [2026-05-17T13:07:20.752+0000] {dag.py:3954} INFO - Setting next_dagrun for munich_airbnb_etl to 2026-05-17 00:00:00+00:00, run_after=2026-05-18 00:00:00+00:00
[2026-05-17T13:07:20.810+0000] {processor.py:183} INFO - Processing /opt/airflow/dags/ETL_PIPELINE.py took 0.736 seconds
[2026-05-17T13:07:51.131+0000] {processor.py:161} INFO - Started process (PID=570) to work on /opt/airflow/dags/ETL_PIPELINE.py
[2026-05-17T13:07:51.133+0000] {processor.py:830} INFO - Processing file /opt/airflow/dags/ETL_PIPELINE.py for tasks to queue
[2026-05-17T13:07:51.137+0000] {logging_mixin.py:188} INFO - [2026-05-17T13:07:51.136+0000] {dagbag.py:545} INFO - Filling up the DagBag from /opt/airflow/dags/ETL_PIPELINE.py
[2026-05-17T13:07:51.172+0000] {processor.py:840} INFO - DAG(s) 'munich_airbnb_etl' retrieved from /opt/airflow/dags/ETL_PIPELINE.py
[2026-05-17T13:07:51.218+0000] {logging_mixin.py:188} INFO - [2026-05-17T13:07:51.217+0000] {dag.py:3096} INFO - Sync 1 DAGs
[2026-05-17T13:07:51.271+0000] {logging_mixin.py:188} INFO - [2026-05-17T13:07:51.270+0000] {dag.py:3954} INFO - Setting next_dagrun for munich_airbnb_etl to 2026-05-17 00:00:00+00:00, run_after=2026-05-18 00:00:00+00:00
[2026-05-17T13:07:51.313+0000] {processor.py:183} INFO - Processing /opt/airflow/dags/ETL_PIPELINE.py took 0.194 seconds
[2026-05-17T13:09:18.098+0000] {processor.py:161} INFO - Started process (PID=56) to work on /opt/airflow/dags/ETL_PIPELINE.py
[2026-05-17T13:09:18.100+0000] {processor.py:830} INFO - Processing file /opt/airflow/dags/ETL_PIPELINE.py for tasks to queue
[2026-05-17T13:09:18.102+0000] {logging_mixin.py:188} INFO - [2026-05-17T13:09:18.102+0000] {dagbag.py:545} INFO - Filling up the DagBag from /opt/airflow/dags/ETL_PIPELINE.py
[2026-05-17T13:09:18.140+0000] {processor.py:840} INFO - DAG(s) 'munich_airbnb_etl' retrieved from /opt/airflow/dags/ETL_PIPELINE.py
[2026-05-17T13:09:18.264+0000] {logging_mixin.py:188} INFO - [2026-05-17T13:09:18.264+0000] {dag.py:3096} INFO - Sync 1 DAGs
[2026-05-17T13:09:18.296+0000] {logging_mixin.py:188} INFO - [2026-05-17T13:09:18.295+0000] {dag.py:3954} INFO - Setting next_dagrun for munich_airbnb_etl to 2026-05-17 00:00:00+00:00, run_after=2026-05-18 00:00:00+00:00
[2026-05-17T13:09:18.326+0000] {processor.py:183} INFO - Processing /opt/airflow/dags/ETL_PIPELINE.py took 0.237 seconds
[2026-05-17T13:09:48.635+0000] {processor.py:161} INFO - Started process (PID=115) to work on /opt/airflow/dags/ETL_PIPELINE.py
[2026-05-17T13:09:48.636+0000] {processor.py:830} INFO - Processing file /opt/airflow/dags/ETL_PIPELINE.py for tasks to queue
[2026-05-17T13:09:48.639+0000] {logging_mixin.py:188} INFO - [2026-05-17T13:09:48.639+0000] {dagbag.py:545} INFO - Filling up the DagBag from /opt/airflow/dags/ETL_PIPELINE.py
[2026-05-17T13:09:48.667+0000] {processor.py:840} INFO - DAG(s) 'munich_airbnb_etl' retrieved from /opt/airflow/dags/ETL_PIPELINE.py
[2026-05-17T13:09:48.690+0000] {logging_mixin.py:188} INFO - [2026-05-17T13:09:48.690+0000] {dag.py:3096} INFO - Sync 1 DAGs
[2026-05-17T13:09:48.720+0000] {logging_mixin.py:188} INFO - [2026-05-17T13:09:48.720+0000] {dag.py:3954} INFO - Setting next_dagrun for munich_airbnb_etl to 2026-05-17 00:00:00+00:00, run_after=2026-05-18 00:00:00+00:00
[2026-05-17T13:09:48.747+0000] {processor.py:183} INFO - Processing /opt/airflow/dags/ETL_PIPELINE.py took 0.121 seconds
[2026-05-17T13:10:18.821+0000] {processor.py:161} INFO - Started process (PID=174) to work on /opt/airflow/dags/ETL_PIPELINE.py
[2026-05-17T13:10:18.822+0000] {processor.py:830} INFO - Processing file /opt/airflow/dags/ETL_PIPELINE.py for tasks to queue
[2026-05-17T13:10:18.825+0000] {logging_mixin.py:188} INFO - [2026-05-17T13:10:18.824+0000] {dagbag.py:545} INFO - Filling up the DagBag from /opt/airflow/dags/ETL_PIPELINE.py
[2026-05-17T13:10:18.848+0000] {processor.py:840} INFO - DAG(s) 'munich_airbnb_etl' retrieved from /opt/airflow/dags/ETL_PIPELINE.py
[2026-05-17T13:10:18.873+0000] {logging_mixin.py:188} INFO - [2026-05-17T13:10:18.872+0000] {dag.py:3096} INFO - Sync 1 DAGs
[2026-05-17T13:10:18.900+0000] {logging_mixin.py:188} INFO - [2026-05-17T13:10:18.899+0000] {dag.py:3954} INFO - Setting next_dagrun for munich_airbnb_etl to 2026-05-17 00:00:00+00:00, run_after=2026-05-18 00:00:00+00:00
[2026-05-17T13:10:18.925+0000] {processor.py:183} INFO - Processing /opt/airflow/dags/ETL_PIPELINE.py took 0.113 seconds
[2026-05-17T13:10:49.798+0000] {processor.py:161} INFO - Started process (PID=233) to work on /opt/airflow/dags/ETL_PIPELINE.py
[2026-05-17T13:10:49.801+0000] {processor.py:830} INFO - Processing file /opt/airflow/dags/ETL_PIPELINE.py for tasks to queue
[2026-05-17T13:10:49.804+0000] {logging_mixin.py:188} INFO - [2026-05-17T13:10:49.803+0000] {dagbag.py:545} INFO - Filling up the DagBag from /opt/airflow/dags/ETL_PIPELINE.py
[2026-05-17T13:10:49.840+0000] {processor.py:840} INFO - DAG(s) 'munich_airbnb_etl' retrieved from /opt/airflow/dags/ETL_PIPELINE.py
[2026-05-17T13:10:49.879+0000] {logging_mixin.py:188} INFO - [2026-05-17T13:10:49.879+0000] {dag.py:3096} INFO - Sync 1 DAGs
[2026-05-17T13:10:49.921+0000] {logging_mixin.py:188} INFO - [2026-05-17T13:10:49.921+0000] {dag.py:3954} INFO - Setting next_dagrun for munich_airbnb_etl to 2026-05-17 00:00:00+00:00, run_after=2026-05-18 00:00:00+00:00
[2026-05-17T13:10:49.966+0000] {processor.py:183} INFO - Processing /opt/airflow/dags/ETL_PIPELINE.py took 0.177 seconds
[2026-05-17T13:11:20.115+0000] {processor.py:161} INFO - Started process (PID=292) to work on /opt/airflow/dags/ETL_PIPELINE.py
[2026-05-17T13:11:20.117+0000] {processor.py:830} INFO - Processing file /opt/airflow/dags/ETL_PIPELINE.py for tasks to queue
[2026-05-17T13:11:20.119+0000] {logging_mixin.py:188} INFO - [2026-05-17T13:11:20.119+0000] {dagbag.py:545} INFO - Filling up the DagBag from /opt/airflow/dags/ETL_PIPELINE.py
[2026-05-17T13:11:20.145+0000] {processor.py:840} INFO - DAG(s) 'munich_airbnb_etl' retrieved from /opt/airflow/dags/ETL_PIPELINE.py
[2026-05-17T13:11:20.168+0000] {logging_mixin.py:188} INFO - [2026-05-17T13:11:20.168+0000] {dag.py:3096} INFO - Sync 1 DAGs
[2026-05-17T13:11:20.195+0000] {logging_mixin.py:188} INFO - [2026-05-17T13:11:20.195+0000] {dag.py:3954} INFO - Setting next_dagrun for munich_airbnb_etl to 2026-05-17 00:00:00+00:00, run_after=2026-05-18 00:00:00+00:00
[2026-05-17T13:11:20.221+0000] {processor.py:183} INFO - Processing /opt/airflow/dags/ETL_PIPELINE.py took 0.113 seconds
[2026-05-17T13:11:50.316+0000] {processor.py:161} INFO - Started process (PID=351) to work on /opt/airflow/dags/ETL_PIPELINE.py
[2026-05-17T13:11:50.317+0000] {processor.py:830} INFO - Processing file /opt/airflow/dags/ETL_PIPELINE.py for tasks to queue
[2026-05-17T13:11:50.321+0000] {logging_mixin.py:188} INFO - [2026-05-17T13:11:50.320+0000] {dagbag.py:545} INFO - Filling up the DagBag from /opt/airflow/dags/ETL_PIPELINE.py
[2026-05-17T13:11:50.356+0000] {processor.py:840} INFO - DAG(s) 'munich_airbnb_etl' retrieved from /opt/airflow/dags/ETL_PIPELINE.py
[2026-05-17T13:11:50.406+0000] {logging_mixin.py:188} INFO - [2026-05-17T13:11:50.406+0000] {dag.py:3096} INFO - Sync 1 DAGs
[2026-05-17T13:11:50.446+0000] {logging_mixin.py:188} INFO - [2026-05-17T13:11:50.446+0000] {dag.py:3954} INFO - Setting next_dagrun for munich_airbnb_etl to 2026-05-17 00:00:00+00:00, run_after=2026-05-18 00:00:00+00:00
[2026-05-17T13:11:50.485+0000] {processor.py:183} INFO - Processing /opt/airflow/dags/ETL_PIPELINE.py took 0.179 seconds
[2026-05-17T13:12:20.773+0000] {processor.py:161} INFO - Started process (PID=410) to work on /opt/airflow/dags/ETL_PIPELINE.py
[2026-05-17T13:12:20.774+0000] {processor.py:830} INFO - Processing file /opt/airflow/dags/ETL_PIPELINE.py for tasks to queue
[2026-05-17T13:12:20.776+0000] {logging_mixin.py:188} INFO - [2026-05-17T13:12:20.776+0000] {dagbag.py:545} INFO - Filling up the DagBag from /opt/airflow/dags/ETL_PIPELINE.py
[2026-05-17T13:12:20.803+0000] {processor.py:840} INFO - DAG(s) 'munich_airbnb_etl' retrieved from /opt/airflow/dags/ETL_PIPELINE.py
[2026-05-17T13:12:20.828+0000] {logging_mixin.py:188} INFO - [2026-05-17T13:12:20.828+0000] {dag.py:3096} INFO - Sync 1 DAGs
[2026-05-17T13:12:20.873+0000] {logging_mixin.py:188} INFO - [2026-05-17T13:12:20.873+0000] {dag.py:3954} INFO - Setting next_dagrun for munich_airbnb_etl to 2026-05-17 00:00:00+00:00, run_after=2026-05-18 00:00:00+00:00
[2026-05-17T13:12:20.906+0000] {processor.py:183} INFO - Processing /opt/airflow/dags/ETL_PIPELINE.py took 0.140 seconds
[2026-05-17T13:12:51.686+0000] {processor.py:161} INFO - Started process (PID=469) to work on /opt/airflow/dags/ETL_PIPELINE.py
[2026-05-17T13:12:51.689+0000] {processor.py:830} INFO - Processing file /opt/airflow/dags/ETL_PIPELINE.py for tasks to queue
[2026-05-17T13:12:51.693+0000] {logging_mixin.py:188} INFO - [2026-05-17T13:12:51.692+0000] {dagbag.py:545} INFO - Filling up the DagBag from /opt/airflow/dags/ETL_PIPELINE.py
[2026-05-17T13:12:51.731+0000] {processor.py:840} INFO - DAG(s) 'munich_airbnb_etl' retrieved from /opt/airflow/dags/ETL_PIPELINE.py
[2026-05-17T13:12:51.764+0000] {logging_mixin.py:188} INFO - [2026-05-17T13:12:51.763+0000] {dag.py:3096} INFO - Sync 1 DAGs
[2026-05-17T13:12:51.807+0000] {logging_mixin.py:188} INFO - [2026-05-17T13:12:51.807+0000] {dag.py:3954} INFO - Setting next_dagrun for munich_airbnb_etl to 2026-05-17 00:00:00+00:00, run_after=2026-05-18 00:00:00+00:00
[2026-05-17T13:12:51.843+0000] {processor.py:183} INFO - Processing /opt/airflow/dags/ETL_PIPELINE.py took 0.171 seconds
[2026-05-17T13:13:22.808+0000] {processor.py:161} INFO - Started process (PID=528) to work on /opt/airflow/dags/ETL_PIPELINE.py
[2026-05-17T13:13:22.810+0000] {processor.py:830} INFO - Processing file /opt/airflow/dags/ETL_PIPELINE.py for tasks to queue
[2026-05-17T13:13:22.812+0000] {logging_mixin.py:188} INFO - [2026-05-17T13:13:22.812+0000] {dagbag.py:545} INFO - Filling up the DagBag from /opt/airflow/dags/ETL_PIPELINE.py
[2026-05-17T13:13:22.837+0000] {processor.py:840} INFO - DAG(s) 'munich_airbnb_etl' retrieved from /opt/airflow/dags/ETL_PIPELINE.py
[2026-05-17T13:13:22.860+0000] {logging_mixin.py:188} INFO - [2026-05-17T13:13:22.860+0000] {dag.py:3096} INFO - Sync 1 DAGs
[2026-05-17T13:13:22.891+0000] {logging_mixin.py:188} INFO - [2026-05-17T13:13:22.890+0000] {dag.py:3954} INFO - Setting next_dagrun for munich_airbnb_etl to 2026-05-17 00:00:00+00:00, run_after=2026-05-18 00:00:00+00:00
[2026-05-17T13:13:22.918+0000] {processor.py:183} INFO - Processing /opt/airflow/dags/ETL_PIPELINE.py took 0.117 seconds
[2026-05-17T13:13:53.392+0000] {processor.py:161} INFO - Started process (PID=587) to work on /opt/airflow/dags/ETL_PIPELINE.py
[2026-05-17T13:13:53.395+0000] {processor.py:830} INFO - Processing file /opt/airflow/dags/ETL_PIPELINE.py for tasks to queue
[2026-05-17T13:13:53.407+0000] {logging_mixin.py:188} INFO - [2026-05-17T13:13:53.407+0000] {dagbag.py:545} INFO - Filling up the DagBag from /opt/airflow/dags/ETL_PIPELINE.py
[2026-05-17T13:13:53.478+0000] {processor.py:840} INFO - DAG(s) 'munich_airbnb_etl' retrieved from /opt/airflow/dags/ETL_PIPELINE.py
[2026-05-17T13:13:53.531+0000] {logging_mixin.py:188} INFO - [2026-05-17T13:13:53.530+0000] {dag.py:3096} INFO - Sync 1 DAGs
[2026-05-17T13:13:53.560+0000] {logging_mixin.py:188} INFO - [2026-05-17T13:13:53.560+0000] {dag.py:3954} INFO - Setting next_dagrun for munich_airbnb_etl to 2026-05-17 00:00:00+00:00, run_after=2026-05-18 00:00:00+00:00
[2026-05-17T13:13:53.592+0000] {processor.py:183} INFO - Processing /opt/airflow/dags/ETL_PIPELINE.py took 0.221 seconds
[2026-05-17T13:14:23.985+0000] {processor.py:161} INFO - Started process (PID=646) to work on /opt/airflow/dags/ETL_PIPELINE.py
[2026-05-17T13:14:23.987+0000] {processor.py:830} INFO - Processing file /opt/airflow/dags/ETL_PIPELINE.py for tasks to queue
[2026-05-17T13:14:23.990+0000] {logging_mixin.py:188} INFO - [2026-05-17T13:14:23.990+0000] {dagbag.py:545} INFO - Filling up the DagBag from /opt/airflow/dags/ETL_PIPELINE.py
[2026-05-17T13:14:24.029+0000] {processor.py:840} INFO - DAG(s) 'munich_airbnb_etl' retrieved from /opt/airflow/dags/ETL_PIPELINE.py
[2026-05-17T13:14:24.091+0000] {logging_mixin.py:188} INFO - [2026-05-17T13:14:24.090+0000] {dag.py:3096} INFO - Sync 1 DAGs
[2026-05-17T13:14:24.186+0000] {logging_mixin.py:188} INFO - [2026-05-17T13:14:24.185+0000] {dag.py:3954} INFO - Setting next_dagrun for munich_airbnb_etl to 2026-05-17 00:00:00+00:00, run_after=2026-05-18 00:00:00+00:00
[2026-05-17T13:14:24.235+0000] {processor.py:183} INFO - Processing /opt/airflow/dags/ETL_PIPELINE.py took 0.264 seconds
[2026-05-17T13:14:54.370+0000] {processor.py:161} INFO - Started process (PID=705) to work on /opt/airflow/dags/ETL_PIPELINE.py
[2026-05-17T13:14:54.372+0000] {processor.py:830} INFO - Processing file /opt/airflow/dags/ETL_PIPELINE.py for tasks to queue
[2026-05-17T13:14:54.382+0000] {logging_mixin.py:188} INFO - [2026-05-17T13:14:54.381+0000] {dagbag.py:545} INFO - Filling up the DagBag from /opt/airflow/dags/ETL_PIPELINE.py
[2026-05-17T13:14:54.449+0000] {processor.py:840} INFO - DAG(s) 'munich_airbnb_etl' retrieved from /opt/airflow/dags/ETL_PIPELINE.py
[2026-05-17T13:14:54.513+0000] {logging_mixin.py:188} INFO - [2026-05-17T13:14:54.512+0000] {dag.py:3096} INFO - Sync 1 DAGs
[2026-05-17T13:14:54.726+0000] {logging_mixin.py:188} INFO - [2026-05-17T13:14:54.725+0000] {dag.py:3954} INFO - Setting next_dagrun for munich_airbnb_etl to 2026-05-17 00:00:00+00:00, run_after=2026-05-18 00:00:00+00:00
[2026-05-17T13:14:54.881+0000] {processor.py:183} INFO - Processing /opt/airflow/dags/ETL_PIPELINE.py took 0.531 seconds
[2026-05-17T13:15:25.196+0000] {processor.py:161} INFO - Started process (PID=764) to work on /opt/airflow/dags/ETL_PIPELINE.py
[2026-05-17T13:15:25.198+0000] {processor.py:830} INFO - Processing file /opt/airflow/dags/ETL_PIPELINE.py for tasks to queue
[2026-05-17T13:15:25.203+0000] {logging_mixin.py:188} INFO - [2026-05-17T13:15:25.203+0000] {dagbag.py:545} INFO - Filling up the DagBag from /opt/airflow/dags/ETL_PIPELINE.py
[2026-05-17T13:15:25.249+0000] {processor.py:840} INFO - DAG(s) 'munich_airbnb_etl' retrieved from /opt/airflow/dags/ETL_PIPELINE.py
[2026-05-17T13:15:25.286+0000] {logging_mixin.py:188} INFO - [2026-05-17T13:15:25.285+0000] {dag.py:3096} INFO - Sync 1 DAGs
[2026-05-17T13:15:25.341+0000] {logging_mixin.py:188} INFO - [2026-05-17T13:15:25.340+0000] {dag.py:3954} INFO - Setting next_dagrun for munich_airbnb_etl to 2026-05-17 00:00:00+00:00, run_after=2026-05-18 00:00:00+00:00
[2026-05-17T13:15:25.407+0000] {processor.py:183} INFO - Processing /opt/airflow/dags/ETL_PIPELINE.py took 0.230 seconds
[2026-05-17T13:15:56.097+0000] {processor.py:161} INFO - Started process (PID=823) to work on /opt/airflow/dags/ETL_PIPELINE.py
[2026-05-17T13:15:56.098+0000] {processor.py:830} INFO - Processing file /opt/airflow/dags/ETL_PIPELINE.py for tasks to queue
[2026-05-17T13:15:56.103+0000] {logging_mixin.py:188} INFO - [2026-05-17T13:15:56.102+0000] {dagbag.py:545} INFO - Filling up the DagBag from /opt/airflow/dags/ETL_PIPELINE.py
[2026-05-17T13:15:56.134+0000] {processor.py:840} INFO - DAG(s) 'munich_airbnb_etl' retrieved from /opt/airflow/dags/ETL_PIPELINE.py
[2026-05-17T13:15:56.170+0000] {logging_mixin.py:188} INFO - [2026-05-17T13:15:56.169+0000] {dag.py:3096} INFO - Sync 1 DAGs
[2026-05-17T13:15:56.239+0000] {logging_mixin.py:188} INFO - [2026-05-17T13:15:56.239+0000] {dag.py:3954} INFO - Setting next_dagrun for munich_airbnb_etl to 2026-05-17 00:00:00+00:00, run_after=2026-05-18 00:00:00+00:00
[2026-05-17T13:15:56.269+0000] {processor.py:183} INFO - Processing /opt/airflow/dags/ETL_PIPELINE.py took 0.179 seconds
[2026-05-17T13:16:27.087+0000] {processor.py:161} INFO - Started process (PID=882) to work on /opt/airflow/dags/ETL_PIPELINE.py
[2026-05-17T13:16:27.088+0000] {processor.py:830} INFO - Processing file /opt/airflow/dags/ETL_PIPELINE.py for tasks to queue
[2026-05-17T13:16:27.091+0000] {logging_mixin.py:188} INFO - [2026-05-17T13:16:27.090+0000] {dagbag.py:545} INFO - Filling up the DagBag from /opt/airflow/dags/ETL_PIPELINE.py
[2026-05-17T13:16:27.116+0000] {processor.py:840} INFO - DAG(s) 'munich_airbnb_etl' retrieved from /opt/airflow/dags/ETL_PIPELINE.py
[2026-05-17T13:16:27.139+0000] {logging_mixin.py:188} INFO - [2026-05-17T13:16:27.139+0000] {dag.py:3096} INFO - Sync 1 DAGs
[2026-05-17T13:16:27.168+0000] {logging_mixin.py:188} INFO - [2026-05-17T13:16:27.167+0000] {dag.py:3954} INFO - Setting next_dagrun for munich_airbnb_etl to 2026-05-17 00:00:00+00:00, run_after=2026-05-18 00:00:00+00:00
[2026-05-17T13:16:27.194+0000] {processor.py:183} INFO - Processing /opt/airflow/dags/ETL_PIPELINE.py took 0.116 seconds
[2026-05-17T13:16:57.649+0000] {processor.py:161} INFO - Started process (PID=941) to work on /opt/airflow/dags/ETL_PIPELINE.py
[2026-05-17T13:16:57.651+0000] {processor.py:830} INFO - Processing file /opt/airflow/dags/ETL_PIPELINE.py for tasks to queue
[2026-05-17T13:16:57.655+0000] {logging_mixin.py:188} INFO - [2026-05-17T13:16:57.654+0000] {dagbag.py:545} INFO - Filling up the DagBag from /opt/airflow/dags/ETL_PIPELINE.py
[2026-05-17T13:16:57.687+0000] {processor.py:840} INFO - DAG(s) 'munich_airbnb_etl' retrieved from /opt/airflow/dags/ETL_PIPELINE.py
[2026-05-17T13:16:57.719+0000] {logging_mixin.py:188} INFO - [2026-05-17T13:16:57.718+0000] {dag.py:3096} INFO - Sync 1 DAGs
[2026-05-17T13:16:57.753+0000] {logging_mixin.py:188} INFO - [2026-05-17T13:16:57.753+0000] {dag.py:3954} INFO - Setting next_dagrun for munich_airbnb_etl to 2026-05-17 00:00:00+00:00, run_after=2026-05-18 00:00:00+00:00
[2026-05-17T13:16:57.787+0000] {processor.py:183} INFO - Processing /opt/airflow/dags/ETL_PIPELINE.py took 0.146 seconds
[2026-05-17T13:17:28.203+0000] {processor.py:161} INFO - Started process (PID=1000) to work on /opt/airflow/dags/ETL_PIPELINE.py
[2026-05-17T13:17:28.206+0000] {processor.py:830} INFO - Processing file /opt/airflow/dags/ETL_PIPELINE.py for tasks to queue
[2026-05-17T13:17:28.209+0000] {logging_mixin.py:188} INFO - [2026-05-17T13:17:28.208+0000] {dagbag.py:545} INFO - Filling up the DagBag from /opt/airflow/dags/ETL_PIPELINE.py
[2026-05-17T13:17:28.245+0000] {processor.py:840} INFO - DAG(s) 'munich_airbnb_etl' retrieved from /opt/airflow/dags/ETL_PIPELINE.py
[2026-05-17T13:17:28.282+0000] {logging_mixin.py:188} INFO - [2026-05-17T13:17:28.282+0000] {dag.py:3096} INFO - Sync 1 DAGs
[2026-05-17T13:17:28.324+0000] {logging_mixin.py:188} INFO - [2026-05-17T13:17:28.323+0000] {dag.py:3954} INFO - Setting next_dagrun for munich_airbnb_etl to 2026-05-17 00:00:00+00:00, run_after=2026-05-18 00:00:00+00:00
[2026-05-17T13:17:28.361+0000] {processor.py:183} INFO - Processing /opt/airflow/dags/ETL_PIPELINE.py took 0.172 seconds
[2026-05-17T13:17:58.465+0000] {processor.py:161} INFO - Started process (PID=1059) to work on /opt/airflow/dags/ETL_PIPELINE.py
[2026-05-17T13:17:58.467+0000] {processor.py:830} INFO - Processing file /opt/airflow/dags/ETL_PIPELINE.py for tasks to queue
[2026-05-17T13:17:58.471+0000] {logging_mixin.py:188} INFO - [2026-05-17T13:17:58.470+0000] {dagbag.py:545} INFO - Filling up the DagBag from /opt/airflow/dags/ETL_PIPELINE.py
[2026-05-17T13:17:58.508+0000] {processor.py:840} INFO - DAG(s) 'munich_airbnb_etl' retrieved from /opt/airflow/dags/ETL_PIPELINE.py
[2026-05-17T13:17:58.549+0000] {logging_mixin.py:188} INFO - [2026-05-17T13:17:58.549+0000] {dag.py:3096} INFO - Sync 1 DAGs
[2026-05-17T13:17:58.613+0000] {logging_mixin.py:188} INFO - [2026-05-17T13:17:58.612+0000] {dag.py:3954} INFO - Setting next_dagrun for munich_airbnb_etl to 2026-05-17 00:00:00+00:00, run_after=2026-05-18 00:00:00+00:00
[2026-05-17T13:17:58.664+0000] {processor.py:183} INFO - Processing /opt/airflow/dags/ETL_PIPELINE.py took 0.212 seconds
[2026-05-17T13:18:29.141+0000] {processor.py:161} INFO - Started process (PID=1118) to work on /opt/airflow/dags/ETL_PIPELINE.py
[2026-05-17T13:18:29.142+0000] {processor.py:830} INFO - Processing file /opt/airflow/dags/ETL_PIPELINE.py for tasks to queue
[2026-05-17T13:18:29.145+0000] {logging_mixin.py:188} INFO - [2026-05-17T13:18:29.144+0000] {dagbag.py:545} INFO - Filling up the DagBag from /opt/airflow/dags/ETL_PIPELINE.py
[2026-05-17T13:18:29.168+0000] {processor.py:840} INFO - DAG(s) 'munich_airbnb_etl' retrieved from /opt/airflow/dags/ETL_PIPELINE.py
[2026-05-17T13:18:29.196+0000] {logging_mixin.py:188} INFO - [2026-05-17T13:18:29.195+0000] {dag.py:3096} INFO - Sync 1 DAGs
[2026-05-17T13:18:29.227+0000] {logging_mixin.py:188} INFO - [2026-05-17T13:18:29.226+0000] {dag.py:3954} INFO - Setting next_dagrun for munich_airbnb_etl to 2026-05-17 00:00:00+00:00, run_after=2026-05-18 00:00:00+00:00
[2026-05-17T13:18:29.259+0000] {processor.py:183} INFO - Processing /opt/airflow/dags/ETL_PIPELINE.py took 0.125 seconds
[2026-05-17T13:18:59.595+0000] {processor.py:161} INFO - Started process (PID=1177) to work on /opt/airflow/dags/ETL_PIPELINE.py
[2026-05-17T13:18:59.597+0000] {processor.py:830} INFO - Processing file /opt/airflow/dags/ETL_PIPELINE.py for tasks to queue
[2026-05-17T13:18:59.600+0000] {logging_mixin.py:188} INFO - [2026-05-17T13:18:59.599+0000] {dagbag.py:545} INFO - Filling up the DagBag from /opt/airflow/dags/ETL_PIPELINE.py
[2026-05-17T13:18:59.628+0000] {processor.py:840} INFO - DAG(s) 'munich_airbnb_etl' retrieved from /opt/airflow/dags/ETL_PIPELINE.py
[2026-05-17T13:18:59.653+0000] {logging_mixin.py:188} INFO - [2026-05-17T13:18:59.653+0000] {dag.py:3096} INFO - Sync 1 DAGs
[2026-05-17T13:18:59.684+0000] {logging_mixin.py:188} INFO - [2026-05-17T13:18:59.683+0000] {dag.py:3954} INFO - Setting next_dagrun for munich_airbnb_etl to 2026-05-17 00:00:00+00:00, run_after=2026-05-18 00:00:00+00:00
[2026-05-17T13:18:59.717+0000] {processor.py:183} INFO - Processing /opt/airflow/dags/ETL_PIPELINE.py took 0.131 seconds
[2026-05-17T13:19:29.811+0000] {processor.py:161} INFO - Started process (PID=1236) to work on /opt/airflow/dags/ETL_PIPELINE.py
[2026-05-17T13:19:29.812+0000] {processor.py:830} INFO - Processing file /opt/airflow/dags/ETL_PIPELINE.py for tasks to queue
[2026-05-17T13:19:29.814+0000] {logging_mixin.py:188} INFO - [2026-05-17T13:19:29.814+0000] {dagbag.py:545} INFO - Filling up the DagBag from /opt/airflow/dags/ETL_PIPELINE.py
[2026-05-17T13:19:29.841+0000] {processor.py:840} INFO - DAG(s) 'munich_airbnb_etl' retrieved from /opt/airflow/dags/ETL_PIPELINE.py
[2026-05-17T13:19:29.866+0000] {logging_mixin.py:188} INFO - [2026-05-17T13:19:29.866+0000] {dag.py:3096} INFO - Sync 1 DAGs
[2026-05-17T13:19:29.904+0000] {logging_mixin.py:188} INFO - [2026-05-17T13:19:29.904+0000] {dag.py:3954} INFO - Setting next_dagrun for munich_airbnb_etl to 2026-05-17 00:00:00+00:00, run_after=2026-05-18 00:00:00+00:00
[2026-05-17T13:19:29.940+0000] {processor.py:183} INFO - Processing /opt/airflow/dags/ETL_PIPELINE.py took 0.136 seconds
