[2026-05-17T13:07:38.934+0000] {local_task_job_runner.py:120} INFO - ::group::Pre task execution logs
[2026-05-17T13:07:38.959+0000] {taskinstance.py:2076} INFO - Dependencies all met for dep_context=non-requeueable deps ti=<TaskInstance: munich_airbnb_etl.transform manual__2026-05-17T13:07:13.112057+00:00 [queued]>
[2026-05-17T13:07:38.968+0000] {taskinstance.py:2076} INFO - Dependencies all met for dep_context=requeueable deps ti=<TaskInstance: munich_airbnb_etl.transform manual__2026-05-17T13:07:13.112057+00:00 [queued]>
[2026-05-17T13:07:38.969+0000] {taskinstance.py:2306} INFO - Starting attempt 1 of 2
[2026-05-17T13:07:38.986+0000] {taskinstance.py:2330} INFO - Executing <Task(PythonOperator): transform> on 2026-05-17 13:07:13.112057+00:00
[2026-05-17T13:07:38.995+0000] {warnings.py:110} WARNING - /home/***/.local/lib/python3.12/site-packages/***/task/task_runner/standard_task_runner.py:61: DeprecationWarning: This process (pid=118) is multi-threaded, use of fork() may lead to deadlocks in the child.
  pid = os.fork()

[2026-05-17T13:07:38.997+0000] {standard_task_runner.py:63} INFO - Started process 120 to run task
[2026-05-17T13:07:38.997+0000] {standard_task_runner.py:90} INFO - Running: ['***', 'tasks', 'run', 'munich_airbnb_etl', 'transform', 'manual__2026-05-17T13:07:13.112057+00:00', '--job-id', '15', '--raw', '--subdir', 'DAGS_FOLDER/ETL_PIPELINE.py', '--cfg-path', '/tmp/tmpcdhm5jpv']
[2026-05-17T13:07:39.000+0000] {standard_task_runner.py:91} INFO - Job 15: Subtask transform
[2026-05-17T13:07:39.056+0000] {task_command.py:426} INFO - Running <TaskInstance: munich_airbnb_etl.transform manual__2026-05-17T13:07:13.112057+00:00 [running]> on host 937aa7dccc65
[2026-05-17T13:07:39.154+0000] {taskinstance.py:2648} INFO - Exporting env vars: AIRFLOW_CTX_DAG_OWNER='catherine' AIRFLOW_CTX_DAG_ID='munich_airbnb_etl' AIRFLOW_CTX_TASK_ID='transform' AIRFLOW_CTX_EXECUTION_DATE='2026-05-17T13:07:13.112057+00:00' AIRFLOW_CTX_TRY_NUMBER='1' AIRFLOW_CTX_DAG_RUN_ID='manual__2026-05-17T13:07:13.112057+00:00'
[2026-05-17T13:07:39.156+0000] {taskinstance.py:430} INFO - ::endgroup::
[2026-05-17T13:07:39.913+0000] {logging_mixin.py:188} INFO - Loaded: (8274, 79)
[2026-05-17T13:07:40.568+0000] {logging_mixin.py:188} INFO - ✅ Transform complete! 5,487 clean rows saved.
[2026-05-17T13:07:40.571+0000] {python.py:237} INFO - Done. Returned value was: None
[2026-05-17T13:07:40.572+0000] {taskinstance.py:441} INFO - ::group::Post task execution logs
[2026-05-17T13:07:40.584+0000] {taskinstance.py:1206} INFO - Marking task as SUCCESS. dag_id=munich_airbnb_etl, task_id=transform, run_id=manual__2026-05-17T13:07:13.112057+00:00, execution_date=20260517T130713, start_date=20260517T130738, end_date=20260517T130740
[2026-05-17T13:07:40.618+0000] {local_task_job_runner.py:240} INFO - Task exited with return code 0
[2026-05-17T13:07:40.645+0000] {taskinstance.py:3498} INFO - 1 downstream tasks scheduled from follow-on schedule check
[2026-05-17T13:07:40.648+0000] {local_task_job_runner.py:222} INFO - ::endgroup::
